[+] Containers:
 |- [+] Container: /Game/ThirdPerson/Maps/ThirdPersonMap
 |   |- [+] ActorDescs:
 |   |   |- Guid:04E61D2B4894F75B7A260F99300D05CB NativeClass:/Script/Engine.StaticMeshActor Name:StaticMeshActor_UAID_D85ED395763DB55902_1682095339 Label:StaticMeshActor5 SpatiallyLoaded:true EditorBounds:IsValid=true, Min=(X=-300.000 Y=-210.000 Z=0.000), Max=(X=300.000 Y=-200.000 Z=300.000) RuntimeBounds:IsValid=true, Min=(X=-300.000 Y=-210.000 Z=0.000), Max=(X=300.000 Y=-200.000 Z=300.000) RuntimeGrid:None EditorOnly:false RuntimeOnly:false HLODRelevant:true ListedInSceneOutliner:true IsMainWorldOnly:false
 |   |   |- Guid:134742EE440130AD24159EACB92E4CB6 NativeClass:/Script/Engine.StaticMeshActor Name:StaticMeshActor_UAID_D85ED395763DB55902_1682091338 Label:StaticMeshActor4 SpatiallyLoaded:true EditorBounds:IsValid=true, Min=(X=300.000 Y=-200.000 Z=0.000), Max=(X=310.000 Y=200.000 Z=300.000) RuntimeBounds:IsValid=true, Min=(X=300.000 Y=-200.000 Z=0.000), Max=(X=310.000 Y=200.000 Z=300.000) RuntimeGrid:None EditorOnly:false RuntimeOnly:false HLODRelevant:true ListedInSceneOutliner:true IsMainWorldOnly:false
 |   |   |- Guid:202F39F746AD5B7C326C318E085145DD NativeClass:/Script/Engine.StaticMeshActor Name:StaticMeshActor_UAID_D85ED395763DB55902_1682080335 Label:StaticMeshActor SpatiallyLoaded:true EditorBounds:IsValid=true, Min=(X=-300.000 Y=-200.000 Z=0.000), Max=(X=300.000 Y=200.000 Z=10.000) RuntimeBounds:IsValid=true, Min=(X=-300.000 Y=-200.000 Z=0.000), Max=(X=300.000 Y=200.000 Z=10.000) RuntimeGrid:None EditorOnly:false RuntimeOnly:false HLODRelevant:true ListedInSceneOutliner:true IsMainWorldOnly:false
 |   |   |- Guid:2A273DD64D703B95E19B29B689034566 NativeClass:/Script/Engine.StaticMeshActor Name:StaticMeshActor_UAID_D85ED395763DB55902_1682104341 Label:StaticMeshActor7 SpatiallyLoaded:true EditorBounds:IsValid=true, Min=(X=45.000 Y=200.000 Z=10.000), Max=(X=300.000 Y=210.000 Z=220.000) RuntimeBounds:IsValid=true, Min=(X=45.000 Y=200.000 Z=10.000), Max=(X=300.000 Y=210.000 Z=220.000) RuntimeGrid:None EditorOnly:false RuntimeOnly:false HLODRelevant:true ListedInSceneOutliner:true IsMainWorldOnly:false
 |   |   |- Guid:2FB58999456391D349DC0F86DAC136ED NativeClass:/Script/Engine.SkyLight Name:SkyLight_1 Label:SkyLight SpatiallyLoaded:false EditorBounds:IsValid=true, Min=(X=0.000 Y=0.000 Z=690.000), Max=(X=0.000 Y=0.000 Z=690.000) RuntimeBounds:IsValid=true, Min=(X=0.000 Y=0.000 Z=690.000), Max=(X=0.000 Y=0.000 Z=690.000) RuntimeGrid:None EditorOnly:false RuntimeOnly:false HLODRelevant:false ListedInSceneOutliner:true IsMainWorldOnly:false FolderPath:Lighting FolderGuid:963EC3EB4002CCE9759E2EBA541A873A
 |   |   |- Guid:3020155242770F366417FD929E813095 NativeClass:/Script/Engine.StaticMeshActor Name:StaticMeshActor_UAID_D85ED395763DB55902_1682118344 Label:StaticMeshActor10 SpatiallyLoaded:true EditorBounds:IsValid=true, Min=(X=-300.000 Y=-100.000 Z=10.000), Max=(X=-210.000 Y=100.000 Z=50.000) RuntimeBounds:IsValid=true, Min=(X=-300.000 Y=-100.000 Z=10.000), Max=(X=-210.000 Y=100.000 Z=50.000) RuntimeGrid:None EditorOnly:false RuntimeOnly:false HLODRelevant:true ListedInSceneOutliner:true IsMainWorldOnly:false
 |   |   |- Guid:316CF2A6494ACA4C0E4180A87D36AB8F NativeClass:/Script/Engine.ExponentialHeightFog Name:ExponentialHeightFog_0 Label:ExponentialHeightFog SpatiallyLoaded:false EditorBounds:IsValid=true, Min=(X=-5600.000 Y=-50.000 Z=-6850.000), Max=(X=-5600.000 Y=-50.000 Z=-6850.000) RuntimeBounds:IsValid=true, Min=(X=-5600.000 Y=-50.000 Z=-6850.000), Max=(X=-5600.000 Y=-50.000 Z=-6850.000) RuntimeGrid:None EditorOnly:false RuntimeOnly:false HLODRelevant:false ListedInSceneOutliner:true IsMainWorldOnly:false FolderPath:Lighting FolderGuid:963EC3EB4002CCE9759E2EBA541A873A
 |   |   |- Guid:3E08210C4102348EFD35B7BD990483A6 NativeClass:/Script/Engine.StaticMeshActor Name:StaticMeshActor_UAID_D85ED395763DB55902_1682087337 Label:StaticMeshActor3 SpatiallyLoaded:true EditorBounds:IsValid=true, Min=(X=-310.000 Y=-200.000 Z=0.000), Max=(X=-300.000 Y=200.000 Z=300.000) RuntimeBounds:IsValid=true, Min=(X=-310.000 Y=-200.000 Z=0.000), Max=(X=-300.000 Y=200.000 Z=300.000) RuntimeGrid:None EditorOnly:false RuntimeOnly:false HLODRelevant:true ListedInSceneOutliner:true IsMainWorldOnly:false
 |   |   |- Guid:4D3BE93F4146AAAC8BBE79999D96D57F NativeClass:/Script/Engine.VolumetricCloud Name:VolumetricCloud_0 Label:VolumetricCloud SpatiallyLoaded:false EditorBounds:IsValid=true, Min=(X=0.000 Y=0.000 Z=820.000), Max=(X=0.000 Y=0.000 Z=820.000) RuntimeBounds:IsValid=true, Min=(X=0.000 Y=0.000 Z=820.000), Max=(X=0.000 Y=0.000 Z=820.000) RuntimeGrid:None EditorOnly:false RuntimeOnly:false HLODRelevant:false ListedInSceneOutliner:true IsMainWorldOnly:false FolderPath:Lighting FolderGuid:963EC3EB4002CCE9759E2EBA541A873A
 |   |   |- Guid:51A7392649E79F420AE88F8FFA3B9B40 NativeClass:/Script/Engine.StaticMeshActor Name:StaticMeshActor_UAID_D85ED395763DB55902_1682122345 Label:StaticMeshActor11 SpatiallyLoaded:true EditorBounds:IsValid=true, Min=(X=-135.000 Y=-207.500 Z=165.000), Max=(X=-65.000 Y=-202.500 Z=235.000) RuntimeBounds:IsValid=true, Min=(X=-135.000 Y=-207.500 Z=165.000), Max=(X=-65.000 Y=-202.500 Z=235.000) RuntimeGrid:None EditorOnly:false RuntimeOnly:false HLODRelevant:true ListedInSceneOutliner:true IsMainWorldOnly:false
 |   |   |- Guid:68C31B304BDE985F0CB6FCB8633E584E NativeClass:/Script/Engine.StaticMeshActor Name:StaticMeshActor_UAID_D85ED395763DB55902_1682108342 Label:StaticMeshActor8 SpatiallyLoaded:true EditorBounds:IsValid=true, Min=(X=-300.000 Y=200.000 Z=220.000), Max=(X=300.000 Y=210.000 Z=300.000) RuntimeBounds:IsValid=true, Min=(X=-300.000 Y=200.000 Z=220.000), Max=(X=300.000 Y=210.000 Z=300.000) RuntimeGrid:None EditorOnly:false RuntimeOnly:false HLODRelevant:true ListedInSceneOutliner:true IsMainWorldOnly:false
 |   |   |- Guid:6BAF4DDD444C60371492D3919DB42C97 NativeClass:/Script/Engine.WorldDataLayers Name:WorldDataLayers Label:WorldDataLayers SpatiallyLoaded:false EditorBounds:IsValid=true, Min=(X=0.000 Y=0.000 Z=0.000), Max=(X=0.000 Y=0.000 Z=0.000) RuntimeBounds:IsValid=true, Min=(X=0.000 Y=0.000 Z=0.000), Max=(X=0.000 Y=0.000 Z=0.000) RuntimeGrid:None EditorOnly:false RuntimeOnly:false HLODRelevant:false ListedInSceneOutliner:true IsMainWorldOnly:true
 |   |   |- Guid:731C44904C8765636934D99990B014FD NativeClass:/Script/Engine.StaticMeshActor Name:StaticMeshActor_UAID_D85ED395763DB55902_1682127346 Label:StaticMeshActor12 SpatiallyLoaded:true EditorBounds:IsValid=true, Min=(X=65.000 Y=-207.500 Z=165.000), Max=(X=135.000 Y=-202.500 Z=235.000) RuntimeBounds:IsValid=true, Min=(X=65.000 Y=-207.500 Z=165.000), Max=(X=135.000 Y=-202.500 Z=235.000) RuntimeGrid:None EditorOnly:false RuntimeOnly:false HLODRelevant:true ListedInSceneOutliner:true IsMainWorldOnly:false
 |   |   |- Guid:878E98CF49745EE736CD96B47318CDC8 NativeClass:/Script/Engine.StaticMeshActor Name:StaticMeshActor_UAID_D85ED395763DB55902_1682084336 Label:StaticMeshActor2 SpatiallyLoaded:true EditorBounds:IsValid=true, Min=(X=-300.000 Y=-200.000 Z=290.000), Max=(X=300.000 Y=200.000 Z=300.000) RuntimeBounds:IsValid=true, Min=(X=-300.000 Y=-200.000 Z=290.000), Max=(X=300.000 Y=200.000 Z=300.000) RuntimeGrid:None EditorOnly:false RuntimeOnly:false HLODRelevant:true ListedInSceneOutliner:true IsMainWorldOnly:false
 |   |   |- Guid:8F3AE0CC46B48CAF9B4AFFBC48790B2E NativeClass:/Script/Engine.StaticMeshActor Name:StaticMeshActor_UAID_D85ED395763DB55902_1682143349 Label:StaticMeshActor15 SpatiallyLoaded:true EditorBounds:IsValid=true, Min=(X=-250.000 Y=-210.000 Z=200.000), Max=(X=-150.000 Y=-200.000 Z=300.000) RuntimeBounds:IsValid=true, Min=(X=-250.000 Y=-210.000 Z=200.000), Max=(X=-150.000 Y=-200.000 Z=300.000) RuntimeGrid:None EditorOnly:false RuntimeOnly:false HLODRelevant:true ListedInSceneOutliner:true IsMainWorldOnly:false
 |   |   |- Guid:A847E80D4054B9E650B6CBB8F50A63E0 NativeClass:/Script/Engine.StaticMeshActor Name:StaticMeshActor_UAID_D85ED395763DB55902_1682133347 Label:StaticMeshActor13 SpatiallyLoaded:true EditorBounds:IsValid=true, Min=(X=193.431 Y=110.000 Z=-26.569), Max=(X=306.569 Y=190.000 Z=86.569) RuntimeBounds:IsValid=true, Min=(X=193.431 Y=110.000 Z=-26.569), Max=(X=306.569 Y=190.000 Z=86.569) RuntimeGrid:None EditorOnly:false RuntimeOnly:false HLODRelevant:true ListedInSceneOutliner:true IsMainWorldOnly:false
 |   |   |- Guid:B785ED2844B84CFB91E7F39FE661CD99 NativeClass:/Script/Engine.DirectionalLight Name:DirectionalLight_0 Label:DirectionalLight SpatiallyLoaded:false EditorBounds:IsValid=true, Min=(X=-1048576.000 Y=-1048576.000 Z=-1048576.000), Max=(X=1048576.000 Y=1048576.000 Z=1048576.000) RuntimeBounds:IsValid=true, Min=(X=-1048576.000 Y=-1048576.000 Z=-1048576.000), Max=(X=1048576.000 Y=1048576.000 Z=1048576.000) RuntimeGrid:None EditorOnly:false RuntimeOnly:false HLODRelevant:false ListedInSceneOutliner:true IsMainWorldOnly:false FolderPath:Lighting FolderGuid:963EC3EB4002CCE9759E2EBA541A873A
 |   |   |- Guid:C1F22CE5414ADA3948FA50B7E7F6BEF1 NativeClass:/Script/Engine.StaticMeshActor Name:StaticMeshActor_UAID_D85ED395763DB55902_1682100340 Label:StaticMeshActor6 SpatiallyLoaded:true EditorBounds:IsValid=true, Min=(X=-300.000 Y=200.000 Z=10.000), Max=(X=-45.000 Y=210.000 Z=220.000) RuntimeBounds:IsValid=true, Min=(X=-300.000 Y=200.000 Z=10.000), Max=(X=-45.000 Y=210.000 Z=220.000) RuntimeGrid:None EditorOnly:false RuntimeOnly:false HLODRelevant:true ListedInSceneOutliner:true IsMainWorldOnly:false
 |   |   |- Guid:CCFF262C46EEFFDF319E7F9539CE697E NativeClass:/Script/Engine.SkyAtmosphere Name:SkyAtmosphere_0 Label:SkyAtmosphere SpatiallyLoaded:false EditorBounds:IsValid=true, Min=(X=0.000 Y=0.000 Z=1020.000), Max=(X=0.000 Y=0.000 Z=1020.000) RuntimeBounds:IsValid=true, Min=(X=0.000 Y=0.000 Z=1020.000), Max=(X=0.000 Y=0.000 Z=1020.000) RuntimeGrid:None EditorOnly:false RuntimeOnly:false HLODRelevant:false ListedInSceneOutliner:true IsMainWorldOnly:false FolderPath:Lighting FolderGuid:963EC3EB4002CCE9759E2EBA541A873A
 |   |   |- Guid:E0D457D4472B2989F845B9A6D285D622 NativeClass:/Script/Engine.StaticMeshActor Name:StaticMeshActor_UAID_D85ED395763DB55902_1682137348 Label:StaticMeshActor14 SpatiallyLoaded:true EditorBounds:IsValid=true, Min=(X=125.000 Y=-125.000 Z=-40.000), Max=(X=175.000 Y=-75.000 Z=60.000) RuntimeBounds:IsValid=true, Min=(X=125.000 Y=-125.000 Z=-40.000), Max=(X=175.000 Y=-75.000 Z=60.000) RuntimeGrid:None EditorOnly:false RuntimeOnly:false HLODRelevant:true ListedInSceneOutliner:true IsMainWorldOnly:false
 |   |   |- Guid:E8A56B784B8456F8E56EFAA61B3927C9 NativeClass:/Script/Engine.StaticMeshActor Name:StaticMeshActor_UAID_D85ED395763DB55902_1682148350 Label:StaticMeshActor16 SpatiallyLoaded:true EditorBounds:IsValid=true, Min=(X=150.000 Y=-25.000 Z=10.000), Max=(X=250.000 Y=25.000 Z=210.000) RuntimeBounds:IsValid=true, Min=(X=150.000 Y=-25.000 Z=10.000), Max=(X=250.000 Y=25.000 Z=210.000) RuntimeGrid:None EditorOnly:false RuntimeOnly:false HLODRelevant:true ListedInSceneOutliner:true IsMainWorldOnly:false
 |   |   |- Guid:F1924B8D48954B30891B2DB6A694F9CC NativeClass:/Script/Engine.StaticMeshActor Name:StaticMeshActor_1 Label:SM_Cube SpatiallyLoaded:true EditorBounds:IsValid=true, Min=(X=-380.000 Y=-450.000 Z=-110.000), Max=(X=6391.428 Y=7450.000 Z=-60.000) RuntimeBounds:IsValid=true, Min=(X=-380.000 Y=-450.000 Z=-110.000), Max=(X=6391.428 Y=7450.000 Z=-60.000) RuntimeGrid:None EditorOnly:false RuntimeOnly:false HLODRelevant:true ListedInSceneOutliner:true IsMainWorldOnly:false FolderPath:Playground FolderGuid:C73F09FC4215536B1DCE2A9E0A830C70
 |   |   |- Guid:F52AE36848F8E7C2BA3DE7BD1CCC56EB NativeClass:/Script/Engine.StaticMeshActor Name:StaticMeshActor_UAID_D85ED395763DB55902_1682113343 Label:StaticMeshActor9 SpatiallyLoaded:true EditorBounds:IsValid=true, Min=(X=25.000 Y=512.500 Z=10.000), Max=(X=115.000 Y=517.500 Z=220.000) RuntimeBounds:IsValid=true, Min=(X=25.000 Y=512.500 Z=10.000), Max=(X=115.000 Y=517.500 Z=220.000) RuntimeGrid:None EditorOnly:false RuntimeOnly:false HLODRelevant:true ListedInSceneOutliner:true IsMainWorldOnly:false
 |   |   |- Guid:F5E3FEB3450C49844FD93DA8E083C8AD NativeClass:/Script/Engine.PostProcessVolume Name:PostProcessVolume_0 Label:PostProcessVolume SpatiallyLoaded:false EditorBounds:IsValid=true, Min=(X=0.000 Y=0.000 Z=400.000), Max=(X=200.000 Y=200.000 Z=600.000) RuntimeBounds:IsValid=true, Min=(X=0.000 Y=0.000 Z=400.000), Max=(X=200.000 Y=200.000 Z=600.000) RuntimeGrid:None EditorOnly:false RuntimeOnly:false HLODRelevant:false ListedInSceneOutliner:true IsMainWorldOnly:false FolderPath:Lighting FolderGuid:963EC3EB4002CCE9759E2EBA541A873A
 |   |- [+] Clusters:
 |   |   |- [+] [  0]
 |   |   |   |- Guid:04E61D2B4894F75B7A260F99300D05CB NativeClass:/Script/Engine.StaticMeshActor Name:StaticMeshActor_UAID_D85ED395763DB55902_1682095339 Label:StaticMeshActor5 SpatiallyLoaded:true EditorBounds:IsValid=true, Min=(X=-300.000 Y=-210.000 Z=0.000), Max=(X=300.000 Y=-200.000 Z=300.000) RuntimeBounds:IsValid=true, Min=(X=-300.000 Y=-210.000 Z=0.000), Max=(X=300.000 Y=-200.000 Z=300.000) RuntimeGrid:None EditorOnly:false RuntimeOnly:false HLODRelevant:true ListedInSceneOutliner:true IsMainWorldOnly:false
 |   |   |- [+] [  1]
 |   |   |   |- Guid:134742EE440130AD24159EACB92E4CB6 NativeClass:/Script/Engine.StaticMeshActor Name:StaticMeshActor_UAID_D85ED395763DB55902_1682091338 Label:StaticMeshActor4 SpatiallyLoaded:true EditorBounds:IsValid=true, Min=(X=300.000 Y=-200.000 Z=0.000), Max=(X=310.000 Y=200.000 Z=300.000) RuntimeBounds:IsValid=true, Min=(X=300.000 Y=-200.000 Z=0.000), Max=(X=310.000 Y=200.000 Z=300.000) RuntimeGrid:None EditorOnly:false RuntimeOnly:false HLODRelevant:true ListedInSceneOutliner:true IsMainWorldOnly:false
 |   |   |- [+] [  2]
 |   |   |   |- Guid:202F39F746AD5B7C326C318E085145DD NativeClass:/Script/Engine.StaticMeshActor Name:StaticMeshActor_UAID_D85ED395763DB55902_1682080335 Label:StaticMeshActor SpatiallyLoaded:true EditorBounds:IsValid=true, Min=(X=-300.000 Y=-200.000 Z=0.000), Max=(X=300.000 Y=200.000 Z=10.000) RuntimeBounds:IsValid=true, Min=(X=-300.000 Y=-200.000 Z=0.000), Max=(X=300.000 Y=200.000 Z=10.000) RuntimeGrid:None EditorOnly:false RuntimeOnly:false HLODRelevant:true ListedInSceneOutliner:true IsMainWorldOnly:false
 |   |   |- [+] [  3]
 |   |   |   |- Guid:2A273DD64D703B95E19B29B689034566 NativeClass:/Script/Engine.StaticMeshActor Name:StaticMeshActor_UAID_D85ED395763DB55902_1682104341 Label:StaticMeshActor7 SpatiallyLoaded:true EditorBounds:IsValid=true, Min=(X=45.000 Y=200.000 Z=10.000), Max=(X=300.000 Y=210.000 Z=220.000) RuntimeBounds:IsValid=true, Min=(X=45.000 Y=200.000 Z=10.000), Max=(X=300.000 Y=210.000 Z=220.000) RuntimeGrid:None EditorOnly:false RuntimeOnly:false HLODRelevant:true ListedInSceneOutliner:true IsMainWorldOnly:false
 |   |   |- [+] [  4]
 |   |   |   |- Guid:2FB58999456391D349DC0F86DAC136ED NativeClass:/Script/Engine.SkyLight Name:SkyLight_1 Label:SkyLight SpatiallyLoaded:false EditorBounds:IsValid=true, Min=(X=0.000 Y=0.000 Z=690.000), Max=(X=0.000 Y=0.000 Z=690.000) RuntimeBounds:IsValid=true, Min=(X=0.000 Y=0.000 Z=690.000), Max=(X=0.000 Y=0.000 Z=690.000) RuntimeGrid:None EditorOnly:false RuntimeOnly:false HLODRelevant:false ListedInSceneOutliner:true IsMainWorldOnly:false FolderPath:Lighting FolderGuid:963EC3EB4002CCE9759E2EBA541A873A
 |   |   |- [+] [  5]
 |   |   |   |- Guid:3020155242770F366417FD929E813095 NativeClass:/Script/Engine.StaticMeshActor Name:StaticMeshActor_UAID_D85ED395763DB55902_1682118344 Label:StaticMeshActor10 SpatiallyLoaded:true EditorBounds:IsValid=true, Min=(X=-300.000 Y=-100.000 Z=10.000), Max=(X=-210.000 Y=100.000 Z=50.000) RuntimeBounds:IsValid=true, Min=(X=-300.000 Y=-100.000 Z=10.000), Max=(X=-210.000 Y=100.000 Z=50.000) RuntimeGrid:None EditorOnly:false RuntimeOnly:false HLODRelevant:true ListedInSceneOutliner:true IsMainWorldOnly:false
 |   |   |- [+] [  6]
 |   |   |   |- Guid:316CF2A6494ACA4C0E4180A87D36AB8F NativeClass:/Script/Engine.ExponentialHeightFog Name:ExponentialHeightFog_0 Label:ExponentialHeightFog SpatiallyLoaded:false EditorBounds:IsValid=true, Min=(X=-5600.000 Y=-50.000 Z=-6850.000), Max=(X=-5600.000 Y=-50.000 Z=-6850.000) RuntimeBounds:IsValid=true, Min=(X=-5600.000 Y=-50.000 Z=-6850.000), Max=(X=-5600.000 Y=-50.000 Z=-6850.000) RuntimeGrid:None EditorOnly:false RuntimeOnly:false HLODRelevant:false ListedInSceneOutliner:true IsMainWorldOnly:false FolderPath:Lighting FolderGuid:963EC3EB4002CCE9759E2EBA541A873A
 |   |   |- [+] [  7]
 |   |   |   |- Guid:3E08210C4102348EFD35B7BD990483A6 NativeClass:/Script/Engine.StaticMeshActor Name:StaticMeshActor_UAID_D85ED395763DB55902_1682087337 Label:StaticMeshActor3 SpatiallyLoaded:true EditorBounds:IsValid=true, Min=(X=-310.000 Y=-200.000 Z=0.000), Max=(X=-300.000 Y=200.000 Z=300.000) RuntimeBounds:IsValid=true, Min=(X=-310.000 Y=-200.000 Z=0.000), Max=(X=-300.000 Y=200.000 Z=300.000) RuntimeGrid:None EditorOnly:false RuntimeOnly:false HLODRelevant:true ListedInSceneOutliner:true IsMainWorldOnly:false
 |   |   |- [+] [  8]
 |   |   |   |- Guid:4D3BE93F4146AAAC8BBE79999D96D57F NativeClass:/Script/Engine.VolumetricCloud Name:VolumetricCloud_0 Label:VolumetricCloud SpatiallyLoaded:false EditorBounds:IsValid=true, Min=(X=0.000 Y=0.000 Z=820.000), Max=(X=0.000 Y=0.000 Z=820.000) RuntimeBounds:IsValid=true, Min=(X=0.000 Y=0.000 Z=820.000), Max=(X=0.000 Y=0.000 Z=820.000) RuntimeGrid:None EditorOnly:false RuntimeOnly:false HLODRelevant:false ListedInSceneOutliner:true IsMainWorldOnly:false FolderPath:Lighting FolderGuid:963EC3EB4002CCE9759E2EBA541A873A
 |   |   |- [+] [  9]
 |   |   |   |- Guid:51A7392649E79F420AE88F8FFA3B9B40 NativeClass:/Script/Engine.StaticMeshActor Name:StaticMeshActor_UAID_D85ED395763DB55902_1682122345 Label:StaticMeshActor11 SpatiallyLoaded:true EditorBounds:IsValid=true, Min=(X=-135.000 Y=-207.500 Z=165.000), Max=(X=-65.000 Y=-202.500 Z=235.000) RuntimeBounds:IsValid=true, Min=(X=-135.000 Y=-207.500 Z=165.000), Max=(X=-65.000 Y=-202.500 Z=235.000) RuntimeGrid:None EditorOnly:false RuntimeOnly:false HLODRelevant:true ListedInSceneOutliner:true IsMainWorldOnly:false
 |   |   |- [+] [ 10]
 |   |   |   |- Guid:68C31B304BDE985F0CB6FCB8633E584E NativeClass:/Script/Engine.StaticMeshActor Name:StaticMeshActor_UAID_D85ED395763DB55902_1682108342 Label:StaticMeshActor8 SpatiallyLoaded:true EditorBounds:IsValid=true, Min=(X=-300.000 Y=200.000 Z=220.000), Max=(X=300.000 Y=210.000 Z=300.000) RuntimeBounds:IsValid=true, Min=(X=-300.000 Y=200.000 Z=220.000), Max=(X=300.000 Y=210.000 Z=300.000) RuntimeGrid:None EditorOnly:false RuntimeOnly:false HLODRelevant:true ListedInSceneOutliner:true IsMainWorldOnly:false
 |   |   |- [+] [ 11]
 |   |   |   |- Guid:6BAF4DDD444C60371492D3919DB42C97 NativeClass:/Script/Engine.WorldDataLayers Name:WorldDataLayers Label:WorldDataLayers SpatiallyLoaded:false EditorBounds:IsValid=true, Min=(X=0.000 Y=0.000 Z=0.000), Max=(X=0.000 Y=0.000 Z=0.000) RuntimeBounds:IsValid=true, Min=(X=0.000 Y=0.000 Z=0.000), Max=(X=0.000 Y=0.000 Z=0.000) RuntimeGrid:None EditorOnly:false RuntimeOnly:false HLODRelevant:false ListedInSceneOutliner:true IsMainWorldOnly:true
 |   |   |- [+] [ 12]
 |   |   |   |- Guid:731C44904C8765636934D99990B014FD NativeClass:/Script/Engine.StaticMeshActor Name:StaticMeshActor_UAID_D85ED395763DB55902_1682127346 Label:StaticMeshActor12 SpatiallyLoaded:true EditorBounds:IsValid=true, Min=(X=65.000 Y=-207.500 Z=165.000), Max=(X=135.000 Y=-202.500 Z=235.000) RuntimeBounds:IsValid=true, Min=(X=65.000 Y=-207.500 Z=165.000), Max=(X=135.000 Y=-202.500 Z=235.000) RuntimeGrid:None EditorOnly:false RuntimeOnly:false HLODRelevant:true ListedInSceneOutliner:true IsMainWorldOnly:false
 |   |   |- [+] [ 13]
 |   |   |   |- Guid:878E98CF49745EE736CD96B47318CDC8 NativeClass:/Script/Engine.StaticMeshActor Name:StaticMeshActor_UAID_D85ED395763DB55902_1682084336 Label:StaticMeshActor2 SpatiallyLoaded:true EditorBounds:IsValid=true, Min=(X=-300.000 Y=-200.000 Z=290.000), Max=(X=300.000 Y=200.000 Z=300.000) RuntimeBounds:IsValid=true, Min=(X=-300.000 Y=-200.000 Z=290.000), Max=(X=300.000 Y=200.000 Z=300.000) RuntimeGrid:None EditorOnly:false RuntimeOnly:false HLODRelevant:true ListedInSceneOutliner:true IsMainWorldOnly:false
 |   |   |- [+] [ 14]
 |   |   |   |- Guid:8F3AE0CC46B48CAF9B4AFFBC48790B2E NativeClass:/Script/Engine.StaticMeshActor Name:StaticMeshActor_UAID_D85ED395763DB55902_1682143349 Label:StaticMeshActor15 SpatiallyLoaded:true EditorBounds:IsValid=true, Min=(X=-250.000 Y=-210.000 Z=200.000), Max=(X=-150.000 Y=-200.000 Z=300.000) RuntimeBounds:IsValid=true, Min=(X=-250.000 Y=-210.000 Z=200.000), Max=(X=-150.000 Y=-200.000 Z=300.000) RuntimeGrid:None EditorOnly:false RuntimeOnly:false HLODRelevant:true ListedInSceneOutliner:true IsMainWorldOnly:false
 |   |   |- [+] [ 15]
 |   |   |   |- Guid:A847E80D4054B9E650B6CBB8F50A63E0 NativeClass:/Script/Engine.StaticMeshActor Name:StaticMeshActor_UAID_D85ED395763DB55902_1682133347 Label:StaticMeshActor13 SpatiallyLoaded:true EditorBounds:IsValid=true, Min=(X=193.431 Y=110.000 Z=-26.569), Max=(X=306.569 Y=190.000 Z=86.569) RuntimeBounds:IsValid=true, Min=(X=193.431 Y=110.000 Z=-26.569), Max=(X=306.569 Y=190.000 Z=86.569) RuntimeGrid:None EditorOnly:false RuntimeOnly:false HLODRelevant:true ListedInSceneOutliner:true IsMainWorldOnly:false
 |   |   |- [+] [ 16]
 |   |   |   |- Guid:B785ED2844B84CFB91E7F39FE661CD99 NativeClass:/Script/Engine.DirectionalLight Name:DirectionalLight_0 Label:DirectionalLight SpatiallyLoaded:false EditorBounds:IsValid=true, Min=(X=-1048576.000 Y=-1048576.000 Z=-1048576.000), Max=(X=1048576.000 Y=1048576.000 Z=1048576.000) RuntimeBounds:IsValid=true, Min=(X=-1048576.000 Y=-1048576.000 Z=-1048576.000), Max=(X=1048576.000 Y=1048576.000 Z=1048576.000) RuntimeGrid:None EditorOnly:false RuntimeOnly:false HLODRelevant:false ListedInSceneOutliner:true IsMainWorldOnly:false FolderPath:Lighting FolderGuid:963EC3EB4002CCE9759E2EBA541A873A
 |   |   |- [+] [ 17]
 |   |   |   |- Guid:C1F22CE5414ADA3948FA50B7E7F6BEF1 NativeClass:/Script/Engine.StaticMeshActor Name:StaticMeshActor_UAID_D85ED395763DB55902_1682100340 Label:StaticMeshActor6 SpatiallyLoaded:true EditorBounds:IsValid=true, Min=(X=-300.000 Y=200.000 Z=10.000), Max=(X=-45.000 Y=210.000 Z=220.000) RuntimeBounds:IsValid=true, Min=(X=-300.000 Y=200.000 Z=10.000), Max=(X=-45.000 Y=210.000 Z=220.000) RuntimeGrid:None EditorOnly:false RuntimeOnly:false HLODRelevant:true ListedInSceneOutliner:true IsMainWorldOnly:false
 |   |   |- [+] [ 18]
 |   |   |   |- Guid:CCFF262C46EEFFDF319E7F9539CE697E NativeClass:/Script/Engine.SkyAtmosphere Name:SkyAtmosphere_0 Label:SkyAtmosphere SpatiallyLoaded:false EditorBounds:IsValid=true, Min=(X=0.000 Y=0.000 Z=1020.000), Max=(X=0.000 Y=0.000 Z=1020.000) RuntimeBounds:IsValid=true, Min=(X=0.000 Y=0.000 Z=1020.000), Max=(X=0.000 Y=0.000 Z=1020.000) RuntimeGrid:None EditorOnly:false RuntimeOnly:false HLODRelevant:false ListedInSceneOutliner:true IsMainWorldOnly:false FolderPath:Lighting FolderGuid:963EC3EB4002CCE9759E2EBA541A873A
 |   |   |- [+] [ 19]
 |   |   |   |- Guid:E0D457D4472B2989F845B9A6D285D622 NativeClass:/Script/Engine.StaticMeshActor Name:StaticMeshActor_UAID_D85ED395763DB55902_1682137348 Label:StaticMeshActor14 SpatiallyLoaded:true EditorBounds:IsValid=true, Min=(X=125.000 Y=-125.000 Z=-40.000), Max=(X=175.000 Y=-75.000 Z=60.000) RuntimeBounds:IsValid=true, Min=(X=125.000 Y=-125.000 Z=-40.000), Max=(X=175.000 Y=-75.000 Z=60.000) RuntimeGrid:None EditorOnly:false RuntimeOnly:false HLODRelevant:true ListedInSceneOutliner:true IsMainWorldOnly:false
 |   |   |- [+] [ 20]
 |   |   |   |- Guid:E8A56B784B8456F8E56EFAA61B3927C9 NativeClass:/Script/Engine.StaticMeshActor Name:StaticMeshActor_UAID_D85ED395763DB55902_1682148350 Label:StaticMeshActor16 SpatiallyLoaded:true EditorBounds:IsValid=true, Min=(X=150.000 Y=-25.000 Z=10.000), Max=(X=250.000 Y=25.000 Z=210.000) RuntimeBounds:IsValid=true, Min=(X=150.000 Y=-25.000 Z=10.000), Max=(X=250.000 Y=25.000 Z=210.000) RuntimeGrid:None EditorOnly:false RuntimeOnly:false HLODRelevant:true ListedInSceneOutliner:true IsMainWorldOnly:false
 |   |   |- [+] [ 21]
 |   |   |   |- Guid:F1924B8D48954B30891B2DB6A694F9CC NativeClass:/Script/Engine.StaticMeshActor Name:StaticMeshActor_1 Label:SM_Cube SpatiallyLoaded:true EditorBounds:IsValid=true, Min=(X=-380.000 Y=-450.000 Z=-110.000), Max=(X=6391.428 Y=7450.000 Z=-60.000) RuntimeBounds:IsValid=true, Min=(X=-380.000 Y=-450.000 Z=-110.000), Max=(X=6391.428 Y=7450.000 Z=-60.000) RuntimeGrid:None EditorOnly:false RuntimeOnly:false HLODRelevant:true ListedInSceneOutliner:true IsMainWorldOnly:false FolderPath:Playground FolderGuid:C73F09FC4215536B1DCE2A9E0A830C70
 |   |   |- [+] [ 22]
 |   |   |   |- Guid:F52AE36848F8E7C2BA3DE7BD1CCC56EB NativeClass:/Script/Engine.StaticMeshActor Name:StaticMeshActor_UAID_D85ED395763DB55902_1682113343 Label:StaticMeshActor9 SpatiallyLoaded:true EditorBounds:IsValid=true, Min=(X=25.000 Y=512.500 Z=10.000), Max=(X=115.000 Y=517.500 Z=220.000) RuntimeBounds:IsValid=true, Min=(X=25.000 Y=512.500 Z=10.000), Max=(X=115.000 Y=517.500 Z=220.000) RuntimeGrid:None EditorOnly:false RuntimeOnly:false HLODRelevant:true ListedInSceneOutliner:true IsMainWorldOnly:false
 |   |   |- [+] [ 23]
 |   |   |   |- Guid:F5E3FEB3450C49844FD93DA8E083C8AD NativeClass:/Script/Engine.PostProcessVolume Name:PostProcessVolume_0 Label:PostProcessVolume SpatiallyLoaded:false EditorBounds:IsValid=true, Min=(X=0.000 Y=0.000 Z=400.000), Max=(X=200.000 Y=200.000 Z=600.000) RuntimeBounds:IsValid=true, Min=(X=0.000 Y=0.000 Z=400.000), Max=(X=200.000 Y=200.000 Z=600.000) RuntimeGrid:None EditorOnly:false RuntimeOnly:false HLODRelevant:false ListedInSceneOutliner:true IsMainWorldOnly:false FolderPath:Lighting FolderGuid:963EC3EB4002CCE9759E2EBA541A873A
 |- ContainerInstances:
 |- [+] MainContainer:
 |   |-        ID: 00000000000000000000000000000000
 |   |-  ParentID: 00000000000000000000000000000000
 |   |-    Bounds: IsValid=false, Min=(X=0.000 Y=0.000 Z=0.000), Max=(X=0.000 Y=0.000 Z=0.000)
 |   |- Transform: 0.000000,0.000000,0.000000|0.000000,0.000000,-0.000000|1.000000,1.000000,1.000000
 |   |- Container: /Game/ThirdPerson/Maps/ThirdPersonMap
----------------------------------------------------------------------------------------------------------------
ThirdPersonMap - Persistent Level
----------------------------------------------------------------------------------------------------------------
[+] Content of ThirdPersonMap Persistent Level
 |- Always loaded Actor Count: 24 
 |- Actor Path: /Game/ThirdPerson/Maps/ThirdPersonMap.ThirdPersonMap:PersistentLevel.DirectionalLight_0
 |- Actor Package: /Game/__ExternalActors__/ThirdPerson/Maps/ThirdPersonMap/5/R1/TS5OQ5CRUWFZYL1ZQ7I416
 |- Actor Path: /Game/ThirdPerson/Maps/ThirdPersonMap.ThirdPersonMap:PersistentLevel.ExponentialHeightFog_0
 |- Actor Package: /Game/__ExternalActors__/ThirdPerson/Maps/ThirdPersonMap/6/J7/N10XDC9G27EMLS5AGZ6AVV
 |- Actor Path: /Game/ThirdPerson/Maps/ThirdPersonMap.ThirdPersonMap:PersistentLevel.PostProcessVolume_0
 |- Actor Package: /Game/__ExternalActors__/ThirdPerson/Maps/ThirdPersonMap/1/AZ/A7GPT109Y6ZTTJD4A7TXER
 |- Actor Path: /Game/ThirdPerson/Maps/ThirdPersonMap.ThirdPersonMap:PersistentLevel.SkyAtmosphere_0
 |- Actor Package: /Game/__ExternalActors__/ThirdPerson/Maps/ThirdPersonMap/4/LN/30UBDLYFFA5ZR7U4W4L4GG
 |- Actor Path: /Game/ThirdPerson/Maps/ThirdPersonMap.ThirdPersonMap:PersistentLevel.SkyLight_1
 |- Actor Package: /Game/__ExternalActors__/ThirdPerson/Maps/ThirdPersonMap/8/S1/DXUWD12MD3HRWVVXX076BY
 |- Actor Path: /Game/ThirdPerson/Maps/ThirdPersonMap.ThirdPersonMap:PersistentLevel.StaticMeshActor_1
 |- Actor Package: /Game/__ExternalActors__/ThirdPerson/Maps/ThirdPersonMap/6/YO/NG2R9BPZVA7ZDN0Z4VSTG6
 |- Actor Path: /Game/ThirdPerson/Maps/ThirdPersonMap.ThirdPersonMap:PersistentLevel.StaticMeshActor_UAID_D85ED395763DB55902_1682080335
 |- Actor Package: /Game/__ExternalActors__/ThirdPerson/Maps/ThirdPersonMap/4/57/78AK2KCVSWM1EVP3WGR0OC
 |- Actor Path: /Game/ThirdPerson/Maps/ThirdPersonMap.ThirdPersonMap:PersistentLevel.StaticMeshActor_UAID_D85ED395763DB55902_1682084336
 |- Actor Package: /Game/__ExternalActors__/ThirdPerson/Maps/ThirdPersonMap/0/PR/84IKJ6NWYT9RHZNXQEPPQJ
 |- Actor Path: /Game/ThirdPerson/Maps/ThirdPersonMap.ThirdPersonMap:PersistentLevel.StaticMeshActor_UAID_D85ED395763DB55902_1682087337
 |- Actor Package: /Game/__ExternalActors__/ThirdPerson/Maps/ThirdPersonMap/A/A3/BOURTCUC7D1N1K455VHMZJ
 |- Actor Path: /Game/ThirdPerson/Maps/ThirdPersonMap.ThirdPersonMap:PersistentLevel.StaticMeshActor_UAID_D85ED395763DB55902_1682091338
 |- Actor Package: /Game/__ExternalActors__/ThirdPerson/Maps/ThirdPersonMap/7/HD/3XWIP7C9QYGYHQXX83QWRR
 |- Actor Path: /Game/ThirdPerson/Maps/ThirdPersonMap.ThirdPersonMap:PersistentLevel.StaticMeshActor_UAID_D85ED395763DB55902_1682095339
 |- Actor Package: /Game/__ExternalActors__/ThirdPerson/Maps/ThirdPersonMap/3/P5/6ICSFWPS3RXLZO0KZPS0CY
 |- Actor Path: /Game/ThirdPerson/Maps/ThirdPersonMap.ThirdPersonMap:PersistentLevel.StaticMeshActor_UAID_D85ED395763DB55902_1682100340
 |- Actor Package: /Game/__ExternalActors__/ThirdPerson/Maps/ThirdPersonMap/0/LT/OC5GNFNGGLTNSARLC2OKO2
 |- Actor Path: /Game/ThirdPerson/Maps/ThirdPersonMap.ThirdPersonMap:PersistentLevel.StaticMeshActor_UAID_D85ED395763DB55902_1682104341
 |- Actor Package: /Game/__ExternalActors__/ThirdPerson/Maps/ThirdPersonMap/6/RS/H33JRIYBQA7ZB7XAXO17M6
 |- Actor Path: /Game/ThirdPerson/Maps/ThirdPersonMap.ThirdPersonMap:PersistentLevel.StaticMeshActor_UAID_D85ED395763DB55902_1682108342
 |- Actor Package: /Game/__ExternalActors__/ThirdPerson/Maps/ThirdPersonMap/C/DC/XZQI5E9U3QACBVABRTDOEZ
 |- Actor Path: /Game/ThirdPerson/Maps/ThirdPersonMap.ThirdPersonMap:PersistentLevel.StaticMeshActor_UAID_D85ED395763DB55902_1682113343
 |- Actor Package: /Game/__ExternalActors__/ThirdPerson/Maps/ThirdPersonMap/C/T9/QI94CR6GWMY2H8JLEOVJBZ
 |- Actor Path: /Game/ThirdPerson/Maps/ThirdPersonMap.ThirdPersonMap:PersistentLevel.StaticMeshActor_UAID_D85ED395763DB55902_1682118344
 |- Actor Package: /Game/__ExternalActors__/ThirdPerson/Maps/ThirdPersonMap/7/1V/P74WUAHSTHFRMPON44604A
 |- Actor Path: /Game/ThirdPerson/Maps/ThirdPersonMap.ThirdPersonMap:PersistentLevel.StaticMeshActor_UAID_D85ED395763DB55902_1682122345
 |- Actor Package: /Game/__ExternalActors__/ThirdPerson/Maps/ThirdPersonMap/4/3B/IDNNYIA50A10GXGI5C730Y
 |- Actor Path: /Game/ThirdPerson/Maps/ThirdPersonMap.ThirdPersonMap:PersistentLevel.StaticMeshActor_UAID_D85ED395763DB55902_1682127346
 |- Actor Package: /Game/__ExternalActors__/ThirdPerson/Maps/ThirdPersonMap/4/YN/FWT1OREXL863LH4WJJ7OR0
 |- Actor Path: /Game/ThirdPerson/Maps/ThirdPersonMap.ThirdPersonMap:PersistentLevel.StaticMeshActor_UAID_D85ED395763DB55902_1682133347
 |- Actor Package: /Game/__ExternalActors__/ThirdPerson/Maps/ThirdPersonMap/0/HX/JGX8A9XL0EVIC929FIVOUY
 |- Actor Path: /Game/ThirdPerson/Maps/ThirdPersonMap.ThirdPersonMap:PersistentLevel.StaticMeshActor_UAID_D85ED395763DB55902_1682137348
 |- Actor Package: /Game/__ExternalActors__/ThirdPerson/Maps/ThirdPersonMap/6/KN/FKZIYU7QDLOFVS4WPSGT83
 |- Actor Path: /Game/ThirdPerson/Maps/ThirdPersonMap.ThirdPersonMap:PersistentLevel.StaticMeshActor_UAID_D85ED395763DB55902_1682143349
 |- Actor Package: /Game/__ExternalActors__/ThirdPerson/Maps/ThirdPersonMap/3/JG/8W29TPAQ2X4JBI8AQ9VLER
 |- Actor Path: /Game/ThirdPerson/Maps/ThirdPersonMap.ThirdPersonMap:PersistentLevel.StaticMeshActor_UAID_D85ED395763DB55902_1682148350
 |- Actor Package: /Game/__ExternalActors__/ThirdPerson/Maps/ThirdPersonMap/E/PQ/CUDBWGEO11RM52BMLVANOO
 |- Actor Path: /Game/ThirdPerson/Maps/ThirdPersonMap.ThirdPersonMap:PersistentLevel.VolumetricCloud_0
 |- Actor Package: /Game/__ExternalActors__/ThirdPerson/Maps/ThirdPersonMap/3/EY/87SHEJN5UBEAN2K5OV1G6R
 |- Actor Path: /Game/ThirdPerson/Maps/ThirdPersonMap.ThirdPersonMap:PersistentLevel.WorldDataLayers
 |- Actor Package: /Game/__ExternalActors__/ThirdPerson/Maps/ThirdPersonMap/0/43/HYQWORMY4JDQ5X3OKZXFLC

----------------------------------------------------------------------------------------------------------------
ThirdPersonMap - Runtime Hash Set
----------------------------------------------------------------------------------------------------------------

