[+] Containers:
 |- [+] Container: /Game/ThirdPerson/Maps/ThirdPersonMap
 |   |- [+] ActorDescs:
 |   |   |- Guid:16BBB7E64C6635D78CA51DA81B9D4666 NativeClass:/Script/Engine.StaticMeshActor Name:StaticMeshActor_UAID_D85ED395763DB55902_1831544360 Label:StaticMeshActor10 SpatiallyLoaded:true EditorBounds:IsValid=true, Min=(X=-900.000 Y=-300.000 Z=10.000), Max=(X=-630.000 Y=300.000 Z=50.000) RuntimeBounds:IsValid=true, Min=(X=-900.000 Y=-300.000 Z=10.000), Max=(X=-630.000 Y=300.000 Z=50.000) RuntimeGrid:None EditorOnly:false RuntimeOnly:false HLODRelevant:true ListedInSceneOutliner:true IsMainWorldOnly:false
 |   |   |- Guid:2FB58999456391D349DC0F86DAC136ED NativeClass:/Script/Engine.SkyLight Name:SkyLight_1 Label:SkyLight SpatiallyLoaded:false EditorBounds:IsValid=true, Min=(X=0.000 Y=0.000 Z=690.000), Max=(X=0.000 Y=0.000 Z=690.000) RuntimeBounds:IsValid=true, Min=(X=0.000 Y=0.000 Z=690.000), Max=(X=0.000 Y=0.000 Z=690.000) RuntimeGrid:None EditorOnly:false RuntimeOnly:false HLODRelevant:false ListedInSceneOutliner:true IsMainWorldOnly:false FolderPath:Lighting FolderGuid:963EC3EB4002CCE9759E2EBA541A873A
 |   |   |- Guid:316CF2A6494ACA4C0E4180A87D36AB8F NativeClass:/Script/Engine.ExponentialHeightFog Name:ExponentialHeightFog_0 Label:ExponentialHeightFog SpatiallyLoaded:false EditorBounds:IsValid=true, Min=(X=-5600.000 Y=-50.000 Z=-6850.000), Max=(X=-5600.000 Y=-50.000 Z=-6850.000) RuntimeBounds:IsValid=true, Min=(X=-5600.000 Y=-50.000 Z=-6850.000), Max=(X=-5600.000 Y=-50.000 Z=-6850.000) RuntimeGrid:None EditorOnly:false RuntimeOnly:false HLODRelevant:false ListedInSceneOutliner:true IsMainWorldOnly:false FolderPath:Lighting FolderGuid:963EC3EB4002CCE9759E2EBA541A873A
 |   |   |- Guid:4D3BE93F4146AAAC8BBE79999D96D57F NativeClass:/Script/Engine.VolumetricCloud Name:VolumetricCloud_0 Label:VolumetricCloud SpatiallyLoaded:false EditorBounds:IsValid=true, Min=(X=0.000 Y=0.000 Z=820.000), Max=(X=0.000 Y=0.000 Z=820.000) RuntimeBounds:IsValid=true, Min=(X=0.000 Y=0.000 Z=820.000), Max=(X=0.000 Y=0.000 Z=820.000) RuntimeGrid:None EditorOnly:false RuntimeOnly:false HLODRelevant:false ListedInSceneOutliner:true IsMainWorldOnly:false FolderPath:Lighting FolderGuid:963EC3EB4002CCE9759E2EBA541A873A
 |   |   |- Guid:6BAF4DDD444C60371492D3919DB42C97 NativeClass:/Script/Engine.WorldDataLayers Name:WorldDataLayers Label:WorldDataLayers SpatiallyLoaded:false EditorBounds:IsValid=true, Min=(X=0.000 Y=0.000 Z=0.000), Max=(X=0.000 Y=0.000 Z=0.000) RuntimeBounds:IsValid=true, Min=(X=0.000 Y=0.000 Z=0.000), Max=(X=0.000 Y=0.000 Z=0.000) RuntimeGrid:None EditorOnly:false RuntimeOnly:false HLODRelevant:false ListedInSceneOutliner:true IsMainWorldOnly:true
 |   |   |- Guid:6CC5A7EA4C8155F5A6426582DFDA111D NativeClass:/Script/Engine.StaticMeshActor Name:StaticMeshActor_UAID_D85ED395763DB55902_1831554362 Label:StaticMeshActor12 SpatiallyLoaded:true EditorBounds:IsValid=true, Min=(X=195.000 Y=-622.500 Z=165.000), Max=(X=405.000 Y=-607.500 Z=235.000) RuntimeBounds:IsValid=true, Min=(X=195.000 Y=-622.500 Z=165.000), Max=(X=405.000 Y=-607.500 Z=235.000) RuntimeGrid:None EditorOnly:false RuntimeOnly:false HLODRelevant:true ListedInSceneOutliner:true IsMainWorldOnly:false
 |   |   |- Guid:7CB4FB9D4CCC3620FD7CCAB79935AB76 NativeClass:/Script/Engine.StaticMeshActor Name:StaticMeshActor_UAID_D85ED395763DB55902_1831573366 Label:StaticMeshActor16 SpatiallyLoaded:true EditorBounds:IsValid=true, Min=(X=450.000 Y=-75.000 Z=35.000), Max=(X=750.000 Y=75.000 Z=185.000) RuntimeBounds:IsValid=true, Min=(X=450.000 Y=-75.000 Z=35.000), Max=(X=750.000 Y=75.000 Z=185.000) RuntimeGrid:None EditorOnly:false RuntimeOnly:false HLODRelevant:true ListedInSceneOutliner:true IsMainWorldOnly:false
 |   |   |- Guid:7FBE5C834826DA3D6321CFB249548FB3 NativeClass:/Script/Engine.StaticMeshActor Name:StaticMeshActor_UAID_D85ED395763DB55902_1831549361 Label:StaticMeshActor11 SpatiallyLoaded:true EditorBounds:IsValid=true, Min=(X=-405.000 Y=-622.500 Z=165.000), Max=(X=-195.000 Y=-607.500 Z=235.000) RuntimeBounds:IsValid=true, Min=(X=-405.000 Y=-622.500 Z=165.000), Max=(X=-195.000 Y=-607.500 Z=235.000) RuntimeGrid:None EditorOnly:false RuntimeOnly:false HLODRelevant:true ListedInSceneOutliner:true IsMainWorldOnly:false
 |   |   |- Guid:86C54DB34A04934F1B14128E4ECDDC50 NativeClass:/Script/Engine.StaticMeshActor Name:StaticMeshActor_UAID_D85ED395763DB55902_1831527356 Label:StaticMeshActor6 SpatiallyLoaded:true EditorBounds:IsValid=true, Min=(X=-900.000 Y=600.000 Z=10.000), Max=(X=-135.000 Y=630.000 Z=220.000) RuntimeBounds:IsValid=true, Min=(X=-900.000 Y=600.000 Z=10.000), Max=(X=-135.000 Y=630.000 Z=220.000) RuntimeGrid:None EditorOnly:false RuntimeOnly:false HLODRelevant:true ListedInSceneOutliner:true IsMainWorldOnly:false
 |   |   |- Guid:86FC6D62444C097A8E8BB3B285CF70A5 NativeClass:/Script/Engine.StaticMeshActor Name:StaticMeshActor_UAID_D85ED395763DB55902_1831511352 Label:StaticMeshActor2 SpatiallyLoaded:true EditorBounds:IsValid=true, Min=(X=-900.000 Y=-600.000 Z=290.000), Max=(X=900.000 Y=600.000 Z=300.000) RuntimeBounds:IsValid=true, Min=(X=-900.000 Y=-600.000 Z=290.000), Max=(X=900.000 Y=600.000 Z=300.000) RuntimeGrid:None EditorOnly:false RuntimeOnly:false HLODRelevant:true ListedInSceneOutliner:true IsMainWorldOnly:false
 |   |   |- Guid:912FA0B948E7127BEF8938964ED5C510 NativeClass:/Script/Engine.PointLight Name:PointLight_UAID_D85ED395763DB55902_1831579367 Label:PointLight SpatiallyLoaded:true EditorBounds:IsValid=true, Min=(X=-1000.000 Y=-1000.000 Z=-710.000), Max=(X=1000.000 Y=1000.000 Z=1290.000) RuntimeBounds:IsValid=true, Min=(X=-1000.000 Y=-1000.000 Z=-710.000), Max=(X=1000.000 Y=1000.000 Z=1290.000) RuntimeGrid:None EditorOnly:false RuntimeOnly:false HLODRelevant:false ListedInSceneOutliner:true IsMainWorldOnly:false
 |   |   |- Guid:AD6BE0BF4EFA8409809AFD8EBA95177E NativeClass:/Script/Engine.StaticMeshActor Name:StaticMeshActor_UAID_D85ED395763DB55902_1831540359 Label:StaticMeshActor9 SpatiallyLoaded:true EditorBounds:IsValid=true, Min=(X=-135.000 Y=1167.500 Z=10.000), Max=(X=135.000 Y=1182.500 Z=220.000) RuntimeBounds:IsValid=true, Min=(X=-135.000 Y=1167.500 Z=10.000), Max=(X=135.000 Y=1182.500 Z=220.000) RuntimeGrid:None EditorOnly:false RuntimeOnly:false HLODRelevant:true ListedInSceneOutliner:true IsMainWorldOnly:false
 |   |   |- Guid:B785ED2844B84CFB91E7F39FE661CD99 NativeClass:/Script/Engine.DirectionalLight Name:DirectionalLight_0 Label:DirectionalLight SpatiallyLoaded:false EditorBounds:IsValid=true, Min=(X=-1048576.000 Y=-1048576.000 Z=-1048576.000), Max=(X=1048576.000 Y=1048576.000 Z=1048576.000) RuntimeBounds:IsValid=true, Min=(X=-1048576.000 Y=-1048576.000 Z=-1048576.000), Max=(X=1048576.000 Y=1048576.000 Z=1048576.000) RuntimeGrid:None EditorOnly:false RuntimeOnly:false HLODRelevant:false ListedInSceneOutliner:true IsMainWorldOnly:false FolderPath:Lighting FolderGuid:963EC3EB4002CCE9759E2EBA541A873A
 |   |   |- Guid:C28C62954A5DD8860F3B24A177F58F3F NativeClass:/Script/Engine.StaticMeshActor Name:StaticMeshActor_UAID_D85ED395763DB55902_1831557363 Label:StaticMeshActor13 SpatiallyLoaded:true EditorBounds:IsValid=true, Min=(X=636.863 Y=330.000 Z=-83.137), Max=(X=863.137 Y=570.000 Z=143.137) RuntimeBounds:IsValid=true, Min=(X=636.863 Y=330.000 Z=-83.137), Max=(X=863.137 Y=570.000 Z=143.137) RuntimeGrid:None EditorOnly:false RuntimeOnly:false HLODRelevant:true ListedInSceneOutliner:true IsMainWorldOnly:false
 |   |   |- Guid:C39F85454F132E75572915B19428D864 NativeClass:/Script/Engine.StaticMeshActor Name:StaticMeshActor_UAID_D85ED395763DB55902_1831532357 Label:StaticMeshActor7 SpatiallyLoaded:true EditorBounds:IsValid=true, Min=(X=135.000 Y=600.000 Z=10.000), Max=(X=900.000 Y=630.000 Z=220.000) RuntimeBounds:IsValid=true, Min=(X=135.000 Y=600.000 Z=10.000), Max=(X=900.000 Y=630.000 Z=220.000) RuntimeGrid:None EditorOnly:false RuntimeOnly:false HLODRelevant:true ListedInSceneOutliner:true IsMainWorldOnly:false
 |   |   |- Guid:C75244364BC21F3BCEB4E9BC68F05A3B NativeClass:/Script/Engine.StaticMeshActor Name:StaticMeshActor_UAID_D85ED395763DB55902_1831515353 Label:StaticMeshActor3 SpatiallyLoaded:true EditorBounds:IsValid=true, Min=(X=-930.000 Y=-600.000 Z=0.000), Max=(X=-900.000 Y=600.000 Z=300.000) RuntimeBounds:IsValid=true, Min=(X=-930.000 Y=-600.000 Z=0.000), Max=(X=-900.000 Y=600.000 Z=300.000) RuntimeGrid:None EditorOnly:false RuntimeOnly:false HLODRelevant:true ListedInSceneOutliner:true IsMainWorldOnly:false
 |   |   |- Guid:CCFF262C46EEFFDF319E7F9539CE697E NativeClass:/Script/Engine.SkyAtmosphere Name:SkyAtmosphere_0 Label:SkyAtmosphere SpatiallyLoaded:false EditorBounds:IsValid=true, Min=(X=0.000 Y=0.000 Z=1020.000), Max=(X=0.000 Y=0.000 Z=1020.000) RuntimeBounds:IsValid=true, Min=(X=0.000 Y=0.000 Z=1020.000), Max=(X=0.000 Y=0.000 Z=1020.000) RuntimeGrid:None EditorOnly:false RuntimeOnly:false HLODRelevant:false ListedInSceneOutliner:true IsMainWorldOnly:false FolderPath:Lighting FolderGuid:963EC3EB4002CCE9759E2EBA541A873A
 |   |   |- Guid:CFB2469D4D26EC63E1A10C8EE8A5D0F1 NativeClass:/Script/Engine.StaticMeshActor Name:StaticMeshActor_UAID_D85ED395763DB55902_1831505351 Label:StaticMeshActor SpatiallyLoaded:true EditorBounds:IsValid=true, Min=(X=-900.000 Y=-600.000 Z=0.000), Max=(X=900.000 Y=600.000 Z=10.000) RuntimeBounds:IsValid=true, Min=(X=-900.000 Y=-600.000 Z=0.000), Max=(X=900.000 Y=600.000 Z=10.000) RuntimeGrid:None EditorOnly:false RuntimeOnly:false HLODRelevant:true ListedInSceneOutliner:true IsMainWorldOnly:false
 |   |   |- Guid:E426C4534917E4A1E16073B6B3A69F89 NativeClass:/Script/Engine.StaticMeshActor Name:StaticMeshActor_UAID_D85ED395763DB55902_1831536358 Label:StaticMeshActor8 SpatiallyLoaded:true EditorBounds:IsValid=true, Min=(X=-900.000 Y=600.000 Z=220.000), Max=(X=900.000 Y=630.000 Z=300.000) RuntimeBounds:IsValid=true, Min=(X=-900.000 Y=600.000 Z=220.000), Max=(X=900.000 Y=630.000 Z=300.000) RuntimeGrid:None EditorOnly:false RuntimeOnly:false HLODRelevant:true ListedInSceneOutliner:true IsMainWorldOnly:false
 |   |   |- Guid:EBEAAA1F415A5A11B7CD15A2147D03D8 NativeClass:/Script/Engine.StaticMeshActor Name:StaticMeshActor_UAID_D85ED395763DB55902_1831568365 Label:StaticMeshActor15 SpatiallyLoaded:true EditorBounds:IsValid=true, Min=(X=-750.000 Y=-630.000 Z=200.000), Max=(X=-450.000 Y=-600.000 Z=300.000) RuntimeBounds:IsValid=true, Min=(X=-750.000 Y=-630.000 Z=200.000), Max=(X=-450.000 Y=-600.000 Z=300.000) RuntimeGrid:None EditorOnly:false RuntimeOnly:false HLODRelevant:true ListedInSceneOutliner:true IsMainWorldOnly:false
 |   |   |- Guid:EF8E18D9442340EBC8EFF2B043A33072 NativeClass:/Script/Engine.StaticMeshActor Name:StaticMeshActor_UAID_D85ED395763DB55902_1831519354 Label:StaticMeshActor4 SpatiallyLoaded:true EditorBounds:IsValid=true, Min=(X=900.000 Y=-600.000 Z=0.000), Max=(X=930.000 Y=600.000 Z=300.000) RuntimeBounds:IsValid=true, Min=(X=900.000 Y=-600.000 Z=0.000), Max=(X=930.000 Y=600.000 Z=300.000) RuntimeGrid:None EditorOnly:false RuntimeOnly:false HLODRelevant:true ListedInSceneOutliner:true IsMainWorldOnly:false
 |   |   |- Guid:F1924B8D48954B30891B2DB6A694F9CC NativeClass:/Script/Engine.StaticMeshActor Name:StaticMeshActor_1 Label:SM_Cube SpatiallyLoaded:true EditorBounds:IsValid=true, Min=(X=-380.000 Y=-450.000 Z=-110.000), Max=(X=6391.428 Y=7450.000 Z=-60.000) RuntimeBounds:IsValid=true, Min=(X=-380.000 Y=-450.000 Z=-110.000), Max=(X=6391.428 Y=7450.000 Z=-60.000) RuntimeGrid:None EditorOnly:false RuntimeOnly:false HLODRelevant:true ListedInSceneOutliner:true IsMainWorldOnly:false FolderPath:Playground FolderGuid:C73F09FC4215536B1DCE2A9E0A830C70
 |   |   |- Guid:F5E3FEB3450C49844FD93DA8E083C8AD NativeClass:/Script/Engine.PostProcessVolume Name:PostProcessVolume_0 Label:PostProcessVolume SpatiallyLoaded:false EditorBounds:IsValid=true, Min=(X=0.000 Y=0.000 Z=400.000), Max=(X=200.000 Y=200.000 Z=600.000) RuntimeBounds:IsValid=true, Min=(X=0.000 Y=0.000 Z=400.000), Max=(X=200.000 Y=200.000 Z=600.000) RuntimeGrid:None EditorOnly:false RuntimeOnly:false HLODRelevant:false ListedInSceneOutliner:true IsMainWorldOnly:false FolderPath:Lighting FolderGuid:963EC3EB4002CCE9759E2EBA541A873A
 |   |   |- Guid:F7BF23CC46F5C899C95598A941DC8019 NativeClass:/Script/Engine.StaticMeshActor Name:StaticMeshActor_UAID_D85ED395763DB55902_1831563364 Label:StaticMeshActor14 SpatiallyLoaded:true EditorBounds:IsValid=true, Min=(X=375.000 Y=-375.000 Z=-40.000), Max=(X=525.000 Y=-225.000 Z=60.000) RuntimeBounds:IsValid=true, Min=(X=375.000 Y=-375.000 Z=-40.000), Max=(X=525.000 Y=-225.000 Z=60.000) RuntimeGrid:None EditorOnly:false RuntimeOnly:false HLODRelevant:true ListedInSceneOutliner:true IsMainWorldOnly:false
 |   |   |- Guid:FAB691B94AA693019B6AAEBEB41DFFB5 NativeClass:/Script/Engine.StaticMeshActor Name:StaticMeshActor_UAID_D85ED395763DB55902_1831523355 Label:StaticMeshActor5 SpatiallyLoaded:true EditorBounds:IsValid=true, Min=(X=-900.000 Y=-630.000 Z=0.000), Max=(X=900.000 Y=-600.000 Z=300.000) RuntimeBounds:IsValid=true, Min=(X=-900.000 Y=-630.000 Z=0.000), Max=(X=900.000 Y=-600.000 Z=300.000) RuntimeGrid:None EditorOnly:false RuntimeOnly:false HLODRelevant:true ListedInSceneOutliner:true IsMainWorldOnly:false
 |   |- [+] Clusters:
 |   |   |- [+] [  0]
 |   |   |   |- Guid:16BBB7E64C6635D78CA51DA81B9D4666 NativeClass:/Script/Engine.StaticMeshActor Name:StaticMeshActor_UAID_D85ED395763DB55902_1831544360 Label:StaticMeshActor10 SpatiallyLoaded:true EditorBounds:IsValid=true, Min=(X=-900.000 Y=-300.000 Z=10.000), Max=(X=-630.000 Y=300.000 Z=50.000) RuntimeBounds:IsValid=true, Min=(X=-900.000 Y=-300.000 Z=10.000), Max=(X=-630.000 Y=300.000 Z=50.000) RuntimeGrid:None EditorOnly:false RuntimeOnly:false HLODRelevant:true ListedInSceneOutliner:true IsMainWorldOnly:false
 |   |   |- [+] [  1]
 |   |   |   |- Guid:2FB58999456391D349DC0F86DAC136ED NativeClass:/Script/Engine.SkyLight Name:SkyLight_1 Label:SkyLight SpatiallyLoaded:false EditorBounds:IsValid=true, Min=(X=0.000 Y=0.000 Z=690.000), Max=(X=0.000 Y=0.000 Z=690.000) RuntimeBounds:IsValid=true, Min=(X=0.000 Y=0.000 Z=690.000), Max=(X=0.000 Y=0.000 Z=690.000) RuntimeGrid:None EditorOnly:false RuntimeOnly:false HLODRelevant:false ListedInSceneOutliner:true IsMainWorldOnly:false FolderPath:Lighting FolderGuid:963EC3EB4002CCE9759E2EBA541A873A
 |   |   |- [+] [  2]
 |   |   |   |- Guid:316CF2A6494ACA4C0E4180A87D36AB8F NativeClass:/Script/Engine.ExponentialHeightFog Name:ExponentialHeightFog_0 Label:ExponentialHeightFog SpatiallyLoaded:false EditorBounds:IsValid=true, Min=(X=-5600.000 Y=-50.000 Z=-6850.000), Max=(X=-5600.000 Y=-50.000 Z=-6850.000) RuntimeBounds:IsValid=true, Min=(X=-5600.000 Y=-50.000 Z=-6850.000), Max=(X=-5600.000 Y=-50.000 Z=-6850.000) RuntimeGrid:None EditorOnly:false RuntimeOnly:false HLODRelevant:false ListedInSceneOutliner:true IsMainWorldOnly:false FolderPath:Lighting FolderGuid:963EC3EB4002CCE9759E2EBA541A873A
 |   |   |- [+] [  3]
 |   |   |   |- Guid:4D3BE93F4146AAAC8BBE79999D96D57F NativeClass:/Script/Engine.VolumetricCloud Name:VolumetricCloud_0 Label:VolumetricCloud SpatiallyLoaded:false EditorBounds:IsValid=true, Min=(X=0.000 Y=0.000 Z=820.000), Max=(X=0.000 Y=0.000 Z=820.000) RuntimeBounds:IsValid=true, Min=(X=0.000 Y=0.000 Z=820.000), Max=(X=0.000 Y=0.000 Z=820.000) RuntimeGrid:None EditorOnly:false RuntimeOnly:false HLODRelevant:false ListedInSceneOutliner:true IsMainWorldOnly:false FolderPath:Lighting FolderGuid:963EC3EB4002CCE9759E2EBA541A873A
 |   |   |- [+] [  4]
 |   |   |   |- Guid:6BAF4DDD444C60371492D3919DB42C97 NativeClass:/Script/Engine.WorldDataLayers Name:WorldDataLayers Label:WorldDataLayers SpatiallyLoaded:false EditorBounds:IsValid=true, Min=(X=0.000 Y=0.000 Z=0.000), Max=(X=0.000 Y=0.000 Z=0.000) RuntimeBounds:IsValid=true, Min=(X=0.000 Y=0.000 Z=0.000), Max=(X=0.000 Y=0.000 Z=0.000) RuntimeGrid:None EditorOnly:false RuntimeOnly:false HLODRelevant:false ListedInSceneOutliner:true IsMainWorldOnly:true
 |   |   |- [+] [  5]
 |   |   |   |- Guid:6CC5A7EA4C8155F5A6426582DFDA111D NativeClass:/Script/Engine.StaticMeshActor Name:StaticMeshActor_UAID_D85ED395763DB55902_1831554362 Label:StaticMeshActor12 SpatiallyLoaded:true EditorBounds:IsValid=true, Min=(X=195.000 Y=-622.500 Z=165.000), Max=(X=405.000 Y=-607.500 Z=235.000) RuntimeBounds:IsValid=true, Min=(X=195.000 Y=-622.500 Z=165.000), Max=(X=405.000 Y=-607.500 Z=235.000) RuntimeGrid:None EditorOnly:false RuntimeOnly:false HLODRelevant:true ListedInSceneOutliner:true IsMainWorldOnly:false
 |   |   |- [+] [  6]
 |   |   |   |- Guid:7CB4FB9D4CCC3620FD7CCAB79935AB76 NativeClass:/Script/Engine.StaticMeshActor Name:StaticMeshActor_UAID_D85ED395763DB55902_1831573366 Label:StaticMeshActor16 SpatiallyLoaded:true EditorBounds:IsValid=true, Min=(X=450.000 Y=-75.000 Z=35.000), Max=(X=750.000 Y=75.000 Z=185.000) RuntimeBounds:IsValid=true, Min=(X=450.000 Y=-75.000 Z=35.000), Max=(X=750.000 Y=75.000 Z=185.000) RuntimeGrid:None EditorOnly:false RuntimeOnly:false HLODRelevant:true ListedInSceneOutliner:true IsMainWorldOnly:false
 |   |   |- [+] [  7]
 |   |   |   |- Guid:7FBE5C834826DA3D6321CFB249548FB3 NativeClass:/Script/Engine.StaticMeshActor Name:StaticMeshActor_UAID_D85ED395763DB55902_1831549361 Label:StaticMeshActor11 SpatiallyLoaded:true EditorBounds:IsValid=true, Min=(X=-405.000 Y=-622.500 Z=165.000), Max=(X=-195.000 Y=-607.500 Z=235.000) RuntimeBounds:IsValid=true, Min=(X=-405.000 Y=-622.500 Z=165.000), Max=(X=-195.000 Y=-607.500 Z=235.000) RuntimeGrid:None EditorOnly:false RuntimeOnly:false HLODRelevant:true ListedInSceneOutliner:true IsMainWorldOnly:false
 |   |   |- [+] [  8]
 |   |   |   |- Guid:86C54DB34A04934F1B14128E4ECDDC50 NativeClass:/Script/Engine.StaticMeshActor Name:StaticMeshActor_UAID_D85ED395763DB55902_1831527356 Label:StaticMeshActor6 SpatiallyLoaded:true EditorBounds:IsValid=true, Min=(X=-900.000 Y=600.000 Z=10.000), Max=(X=-135.000 Y=630.000 Z=220.000) RuntimeBounds:IsValid=true, Min=(X=-900.000 Y=600.000 Z=10.000), Max=(X=-135.000 Y=630.000 Z=220.000) RuntimeGrid:None EditorOnly:false RuntimeOnly:false HLODRelevant:true ListedInSceneOutliner:true IsMainWorldOnly:false
 |   |   |- [+] [  9]
 |   |   |   |- Guid:86FC6D62444C097A8E8BB3B285CF70A5 NativeClass:/Script/Engine.StaticMeshActor Name:StaticMeshActor_UAID_D85ED395763DB55902_1831511352 Label:StaticMeshActor2 SpatiallyLoaded:true EditorBounds:IsValid=true, Min=(X=-900.000 Y=-600.000 Z=290.000), Max=(X=900.000 Y=600.000 Z=300.000) RuntimeBounds:IsValid=true, Min=(X=-900.000 Y=-600.000 Z=290.000), Max=(X=900.000 Y=600.000 Z=300.000) RuntimeGrid:None EditorOnly:false RuntimeOnly:false HLODRelevant:true ListedInSceneOutliner:true IsMainWorldOnly:false
 |   |   |- [+] [ 10]
 |   |   |   |- Guid:912FA0B948E7127BEF8938964ED5C510 NativeClass:/Script/Engine.PointLight Name:PointLight_UAID_D85ED395763DB55902_1831579367 Label:PointLight SpatiallyLoaded:true EditorBounds:IsValid=true, Min=(X=-1000.000 Y=-1000.000 Z=-710.000), Max=(X=1000.000 Y=1000.000 Z=1290.000) RuntimeBounds:IsValid=true, Min=(X=-1000.000 Y=-1000.000 Z=-710.000), Max=(X=1000.000 Y=1000.000 Z=1290.000) RuntimeGrid:None EditorOnly:false RuntimeOnly:false HLODRelevant:false ListedInSceneOutliner:true IsMainWorldOnly:false
 |   |   |- [+] [ 11]
 |   |   |   |- Guid:AD6BE0BF4EFA8409809AFD8EBA95177E NativeClass:/Script/Engine.StaticMeshActor Name:StaticMeshActor_UAID_D85ED395763DB55902_1831540359 Label:StaticMeshActor9 SpatiallyLoaded:true EditorBounds:IsValid=true, Min=(X=-135.000 Y=1167.500 Z=10.000), Max=(X=135.000 Y=1182.500 Z=220.000) RuntimeBounds:IsValid=true, Min=(X=-135.000 Y=1167.500 Z=10.000), Max=(X=135.000 Y=1182.500 Z=220.000) RuntimeGrid:None EditorOnly:false RuntimeOnly:false HLODRelevant:true ListedInSceneOutliner:true IsMainWorldOnly:false
 |   |   |- [+] [ 12]
 |   |   |   |- Guid:B785ED2844B84CFB91E7F39FE661CD99 NativeClass:/Script/Engine.DirectionalLight Name:DirectionalLight_0 Label:DirectionalLight SpatiallyLoaded:false EditorBounds:IsValid=true, Min=(X=-1048576.000 Y=-1048576.000 Z=-1048576.000), Max=(X=1048576.000 Y=1048576.000 Z=1048576.000) RuntimeBounds:IsValid=true, Min=(X=-1048576.000 Y=-1048576.000 Z=-1048576.000), Max=(X=1048576.000 Y=1048576.000 Z=1048576.000) RuntimeGrid:None EditorOnly:false RuntimeOnly:false HLODRelevant:false ListedInSceneOutliner:true IsMainWorldOnly:false FolderPath:Lighting FolderGuid:963EC3EB4002CCE9759E2EBA541A873A
 |   |   |- [+] [ 13]
 |   |   |   |- Guid:C28C62954A5DD8860F3B24A177F58F3F NativeClass:/Script/Engine.StaticMeshActor Name:StaticMeshActor_UAID_D85ED395763DB55902_1831557363 Label:StaticMeshActor13 SpatiallyLoaded:true EditorBounds:IsValid=true, Min=(X=636.863 Y=330.000 Z=-83.137), Max=(X=863.137 Y=570.000 Z=143.137) RuntimeBounds:IsValid=true, Min=(X=636.863 Y=330.000 Z=-83.137), Max=(X=863.137 Y=570.000 Z=143.137) RuntimeGrid:None EditorOnly:false RuntimeOnly:false HLODRelevant:true ListedInSceneOutliner:true IsMainWorldOnly:false
 |   |   |- [+] [ 14]
 |   |   |   |- Guid:C39F85454F132E75572915B19428D864 NativeClass:/Script/Engine.StaticMeshActor Name:StaticMeshActor_UAID_D85ED395763DB55902_1831532357 Label:StaticMeshActor7 SpatiallyLoaded:true EditorBounds:IsValid=true, Min=(X=135.000 Y=600.000 Z=10.000), Max=(X=900.000 Y=630.000 Z=220.000) RuntimeBounds:IsValid=true, Min=(X=135.000 Y=600.000 Z=10.000), Max=(X=900.000 Y=630.000 Z=220.000) RuntimeGrid:None EditorOnly:false RuntimeOnly:false HLODRelevant:true ListedInSceneOutliner:true IsMainWorldOnly:false
 |   |   |- [+] [ 15]
 |   |   |   |- Guid:C75244364BC21F3BCEB4E9BC68F05A3B NativeClass:/Script/Engine.StaticMeshActor Name:StaticMeshActor_UAID_D85ED395763DB55902_1831515353 Label:StaticMeshActor3 SpatiallyLoaded:true EditorBounds:IsValid=true, Min=(X=-930.000 Y=-600.000 Z=0.000), Max=(X=-900.000 Y=600.000 Z=300.000) RuntimeBounds:IsValid=true, Min=(X=-930.000 Y=-600.000 Z=0.000), Max=(X=-900.000 Y=600.000 Z=300.000) RuntimeGrid:None EditorOnly:false RuntimeOnly:false HLODRelevant:true ListedInSceneOutliner:true IsMainWorldOnly:false
 |   |   |- [+] [ 16]
 |   |   |   |- Guid:CCFF262C46EEFFDF319E7F9539CE697E NativeClass:/Script/Engine.SkyAtmosphere Name:SkyAtmosphere_0 Label:SkyAtmosphere SpatiallyLoaded:false EditorBounds:IsValid=true, Min=(X=0.000 Y=0.000 Z=1020.000), Max=(X=0.000 Y=0.000 Z=1020.000) RuntimeBounds:IsValid=true, Min=(X=0.000 Y=0.000 Z=1020.000), Max=(X=0.000 Y=0.000 Z=1020.000) RuntimeGrid:None EditorOnly:false RuntimeOnly:false HLODRelevant:false ListedInSceneOutliner:true IsMainWorldOnly:false FolderPath:Lighting FolderGuid:963EC3EB4002CCE9759E2EBA541A873A
 |   |   |- [+] [ 17]
 |   |   |   |- Guid:CFB2469D4D26EC63E1A10C8EE8A5D0F1 NativeClass:/Script/Engine.StaticMeshActor Name:StaticMeshActor_UAID_D85ED395763DB55902_1831505351 Label:StaticMeshActor SpatiallyLoaded:true EditorBounds:IsValid=true, Min=(X=-900.000 Y=-600.000 Z=0.000), Max=(X=900.000 Y=600.000 Z=10.000) RuntimeBounds:IsValid=true, Min=(X=-900.000 Y=-600.000 Z=0.000), Max=(X=900.000 Y=600.000 Z=10.000) RuntimeGrid:None EditorOnly:false RuntimeOnly:false HLODRelevant:true ListedInSceneOutliner:true IsMainWorldOnly:false
 |   |   |- [+] [ 18]
 |   |   |   |- Guid:E426C4534917E4A1E16073B6B3A69F89 NativeClass:/Script/Engine.StaticMeshActor Name:StaticMeshActor_UAID_D85ED395763DB55902_1831536358 Label:StaticMeshActor8 SpatiallyLoaded:true EditorBounds:IsValid=true, Min=(X=-900.000 Y=600.000 Z=220.000), Max=(X=900.000 Y=630.000 Z=300.000) RuntimeBounds:IsValid=true, Min=(X=-900.000 Y=600.000 Z=220.000), Max=(X=900.000 Y=630.000 Z=300.000) RuntimeGrid:None EditorOnly:false RuntimeOnly:false HLODRelevant:true ListedInSceneOutliner:true IsMainWorldOnly:false
 |   |   |- [+] [ 19]
 |   |   |   |- Guid:EBEAAA1F415A5A11B7CD15A2147D03D8 NativeClass:/Script/Engine.StaticMeshActor Name:StaticMeshActor_UAID_D85ED395763DB55902_1831568365 Label:StaticMeshActor15 SpatiallyLoaded:true EditorBounds:IsValid=true, Min=(X=-750.000 Y=-630.000 Z=200.000), Max=(X=-450.000 Y=-600.000 Z=300.000) RuntimeBounds:IsValid=true, Min=(X=-750.000 Y=-630.000 Z=200.000), Max=(X=-450.000 Y=-600.000 Z=300.000) RuntimeGrid:None EditorOnly:false RuntimeOnly:false HLODRelevant:true ListedInSceneOutliner:true IsMainWorldOnly:false
 |   |   |- [+] [ 20]
 |   |   |   |- Guid:EF8E18D9442340EBC8EFF2B043A33072 NativeClass:/Script/Engine.StaticMeshActor Name:StaticMeshActor_UAID_D85ED395763DB55902_1831519354 Label:StaticMeshActor4 SpatiallyLoaded:true EditorBounds:IsValid=true, Min=(X=900.000 Y=-600.000 Z=0.000), Max=(X=930.000 Y=600.000 Z=300.000) RuntimeBounds:IsValid=true, Min=(X=900.000 Y=-600.000 Z=0.000), Max=(X=930.000 Y=600.000 Z=300.000) RuntimeGrid:None EditorOnly:false RuntimeOnly:false HLODRelevant:true ListedInSceneOutliner:true IsMainWorldOnly:false
 |   |   |- [+] [ 21]
 |   |   |   |- Guid:F1924B8D48954B30891B2DB6A694F9CC NativeClass:/Script/Engine.StaticMeshActor Name:StaticMeshActor_1 Label:SM_Cube SpatiallyLoaded:true EditorBounds:IsValid=true, Min=(X=-380.000 Y=-450.000 Z=-110.000), Max=(X=6391.428 Y=7450.000 Z=-60.000) RuntimeBounds:IsValid=true, Min=(X=-380.000 Y=-450.000 Z=-110.000), Max=(X=6391.428 Y=7450.000 Z=-60.000) RuntimeGrid:None EditorOnly:false RuntimeOnly:false HLODRelevant:true ListedInSceneOutliner:true IsMainWorldOnly:false FolderPath:Playground FolderGuid:C73F09FC4215536B1DCE2A9E0A830C70
 |   |   |- [+] [ 22]
 |   |   |   |- Guid:F5E3FEB3450C49844FD93DA8E083C8AD NativeClass:/Script/Engine.PostProcessVolume Name:PostProcessVolume_0 Label:PostProcessVolume SpatiallyLoaded:false EditorBounds:IsValid=true, Min=(X=0.000 Y=0.000 Z=400.000), Max=(X=200.000 Y=200.000 Z=600.000) RuntimeBounds:IsValid=true, Min=(X=0.000 Y=0.000 Z=400.000), Max=(X=200.000 Y=200.000 Z=600.000) RuntimeGrid:None EditorOnly:false RuntimeOnly:false HLODRelevant:false ListedInSceneOutliner:true IsMainWorldOnly:false FolderPath:Lighting FolderGuid:963EC3EB4002CCE9759E2EBA541A873A
 |   |   |- [+] [ 23]
 |   |   |   |- Guid:F7BF23CC46F5C899C95598A941DC8019 NativeClass:/Script/Engine.StaticMeshActor Name:StaticMeshActor_UAID_D85ED395763DB55902_1831563364 Label:StaticMeshActor14 SpatiallyLoaded:true EditorBounds:IsValid=true, Min=(X=375.000 Y=-375.000 Z=-40.000), Max=(X=525.000 Y=-225.000 Z=60.000) RuntimeBounds:IsValid=true, Min=(X=375.000 Y=-375.000 Z=-40.000), Max=(X=525.000 Y=-225.000 Z=60.000) RuntimeGrid:None EditorOnly:false RuntimeOnly:false HLODRelevant:true ListedInSceneOutliner:true IsMainWorldOnly:false
 |   |   |- [+] [ 24]
 |   |   |   |- Guid:FAB691B94AA693019B6AAEBEB41DFFB5 NativeClass:/Script/Engine.StaticMeshActor Name:StaticMeshActor_UAID_D85ED395763DB55902_1831523355 Label:StaticMeshActor5 SpatiallyLoaded:true EditorBounds:IsValid=true, Min=(X=-900.000 Y=-630.000 Z=0.000), Max=(X=900.000 Y=-600.000 Z=300.000) RuntimeBounds:IsValid=true, Min=(X=-900.000 Y=-630.000 Z=0.000), Max=(X=900.000 Y=-600.000 Z=300.000) RuntimeGrid:None EditorOnly:false RuntimeOnly:false HLODRelevant:true ListedInSceneOutliner:true IsMainWorldOnly:false
 |- ContainerInstances:
 |- [+] MainContainer:
 |   |-        ID: 00000000000000000000000000000000
 |   |-  ParentID: 00000000000000000000000000000000
 |   |-    Bounds: IsValid=false, Min=(X=0.000 Y=0.000 Z=0.000), Max=(X=0.000 Y=0.000 Z=0.000)
 |   |- Transform: 0.000000,0.000000,0.000000|0.000000,0.000000,-0.000000|1.000000,1.000000,1.000000
 |   |- Container: /Game/ThirdPerson/Maps/ThirdPersonMap
----------------------------------------------------------------------------------------------------------------
ThirdPersonMap - Persistent Level
----------------------------------------------------------------------------------------------------------------
[+] Content of ThirdPersonMap Persistent Level
 |- Always loaded Actor Count: 25 
 |- Actor Path: /Game/ThirdPerson/Maps/ThirdPersonMap.ThirdPersonMap:PersistentLevel.DirectionalLight_0
 |- Actor Package: /Game/__ExternalActors__/ThirdPerson/Maps/ThirdPersonMap/5/R1/TS5OQ5CRUWFZYL1ZQ7I416
 |- Actor Path: /Game/ThirdPerson/Maps/ThirdPersonMap.ThirdPersonMap:PersistentLevel.ExponentialHeightFog_0
 |- Actor Package: /Game/__ExternalActors__/ThirdPerson/Maps/ThirdPersonMap/6/J7/N10XDC9G27EMLS5AGZ6AVV
 |- Actor Path: /Game/ThirdPerson/Maps/ThirdPersonMap.ThirdPersonMap:PersistentLevel.PointLight_UAID_D85ED395763DB55902_1831579367
 |- Actor Package: /Game/__ExternalActors__/ThirdPerson/Maps/ThirdPersonMap/2/AA/0F6Z4OQ9H3HOU7MMN8HY98
 |- Actor Path: /Game/ThirdPerson/Maps/ThirdPersonMap.ThirdPersonMap:PersistentLevel.PostProcessVolume_0
 |- Actor Package: /Game/__ExternalActors__/ThirdPerson/Maps/ThirdPersonMap/1/AZ/A7GPT109Y6ZTTJD4A7TXER
 |- Actor Path: /Game/ThirdPerson/Maps/ThirdPersonMap.ThirdPersonMap:PersistentLevel.SkyAtmosphere_0
 |- Actor Package: /Game/__ExternalActors__/ThirdPerson/Maps/ThirdPersonMap/4/LN/30UBDLYFFA5ZR7U4W4L4GG
 |- Actor Path: /Game/ThirdPerson/Maps/ThirdPersonMap.ThirdPersonMap:PersistentLevel.SkyLight_1
 |- Actor Package: /Game/__ExternalActors__/ThirdPerson/Maps/ThirdPersonMap/8/S1/DXUWD12MD3HRWVVXX076BY
 |- Actor Path: /Game/ThirdPerson/Maps/ThirdPersonMap.ThirdPersonMap:PersistentLevel.StaticMeshActor_1
 |- Actor Package: /Game/__ExternalActors__/ThirdPerson/Maps/ThirdPersonMap/6/YO/NG2R9BPZVA7ZDN0Z4VSTG6
 |- Actor Path: /Game/ThirdPerson/Maps/ThirdPersonMap.ThirdPersonMap:PersistentLevel.StaticMeshActor_UAID_D85ED395763DB55902_1831505351
 |- Actor Package: /Game/__ExternalActors__/ThirdPerson/Maps/ThirdPersonMap/C/4U/IGA5MPRNGPALWOUXDI6F1F
 |- Actor Path: /Game/ThirdPerson/Maps/ThirdPersonMap.ThirdPersonMap:PersistentLevel.StaticMeshActor_UAID_D85ED395763DB55902_1831511352
 |- Actor Package: /Game/__ExternalActors__/ThirdPerson/Maps/ThirdPersonMap/2/W8/TO0I7IN6WOK27TVI8ZAOTW
 |- Actor Path: /Game/ThirdPerson/Maps/ThirdPersonMap.ThirdPersonMap:PersistentLevel.StaticMeshActor_UAID_D85ED395763DB55902_1831515353
 |- Actor Package: /Game/__ExternalActors__/ThirdPerson/Maps/ThirdPersonMap/D/WJ/VCS5LIBSICIGIPLONAEB99
 |- Actor Path: /Game/ThirdPerson/Maps/ThirdPersonMap.ThirdPersonMap:PersistentLevel.StaticMeshActor_UAID_D85ED395763DB55902_1831519354
 |- Actor Package: /Game/__ExternalActors__/ThirdPerson/Maps/ThirdPersonMap/8/DC/9T28K32TDBNPSJPWZB82J2
 |- Actor Path: /Game/ThirdPerson/Maps/ThirdPersonMap.ThirdPersonMap:PersistentLevel.StaticMeshActor_UAID_D85ED395763DB55902_1831523355
 |- Actor Package: /Game/__ExternalActors__/ThirdPerson/Maps/ThirdPersonMap/C/D9/6EGRRXQ64CBZ3NLJY5D68G
 |- Actor Path: /Game/ThirdPerson/Maps/ThirdPersonMap.ThirdPersonMap:PersistentLevel.StaticMeshActor_UAID_D85ED395763DB55902_1831527356
 |- Actor Package: /Game/__ExternalActors__/ThirdPerson/Maps/ThirdPersonMap/2/YX/W7ZPKQWGIVGDD7646WI3E8
 |- Actor Path: /Game/ThirdPerson/Maps/ThirdPersonMap.ThirdPersonMap:PersistentLevel.StaticMeshActor_UAID_D85ED395763DB55902_1831532357
 |- Actor Package: /Game/__ExternalActors__/ThirdPerson/Maps/ThirdPersonMap/C/B7/8KX1K0SELXWSPXE1K7LENT
 |- Actor Path: /Game/ThirdPerson/Maps/ThirdPersonMap.ThirdPersonMap:PersistentLevel.StaticMeshActor_UAID_D85ED395763DB55902_1831536358
 |- Actor Package: /Game/__ExternalActors__/ThirdPerson/Maps/ThirdPersonMap/5/CG/ES6NLS5JIFRF04RP5N19WT
 |- Actor Path: /Game/ThirdPerson/Maps/ThirdPersonMap.ThirdPersonMap:PersistentLevel.StaticMeshActor_UAID_D85ED395763DB55902_1831540359
 |- Actor Package: /Game/__ExternalActors__/ThirdPerson/Maps/ThirdPersonMap/F/00/SZTEBWI7PJH025EW7NU5YF
 |- Actor Path: /Game/ThirdPerson/Maps/ThirdPersonMap.ThirdPersonMap:PersistentLevel.StaticMeshActor_UAID_D85ED395763DB55902_1831544360
 |- Actor Package: /Game/__ExternalActors__/ThirdPerson/Maps/ThirdPersonMap/C/7P/50XCAUFL86ADLOUPJ20MK1
 |- Actor Path: /Game/ThirdPerson/Maps/ThirdPersonMap.ThirdPersonMap:PersistentLevel.StaticMeshActor_UAID_D85ED395763DB55902_1831549361
 |- Actor Package: /Game/__ExternalActors__/ThirdPerson/Maps/ThirdPersonMap/5/7A/0Q6EWNJAOHLQDAXSZZXD3R
 |- Actor Path: /Game/ThirdPerson/Maps/ThirdPersonMap.ThirdPersonMap:PersistentLevel.StaticMeshActor_UAID_D85ED395763DB55902_1831554362
 |- Actor Package: /Game/__ExternalActors__/ThirdPerson/Maps/ThirdPersonMap/9/5F/717QAKFYMIVFBEGLHHK8JI
 |- Actor Path: /Game/ThirdPerson/Maps/ThirdPersonMap.ThirdPersonMap:PersistentLevel.StaticMeshActor_UAID_D85ED395763DB55902_1831557363
 |- Actor Package: /Game/__ExternalActors__/ThirdPerson/Maps/ThirdPersonMap/B/ZV/LOQ9R2S1XHO3L0F96Z6DHM
 |- Actor Path: /Game/ThirdPerson/Maps/ThirdPersonMap.ThirdPersonMap:PersistentLevel.StaticMeshActor_UAID_D85ED395763DB55902_1831563364
 |- Actor Package: /Game/__ExternalActors__/ThirdPerson/Maps/ThirdPersonMap/4/N5/RPIBY3SLRE0WVCI40ZXFFD
 |- Actor Path: /Game/ThirdPerson/Maps/ThirdPersonMap.ThirdPersonMap:PersistentLevel.StaticMeshActor_UAID_D85ED395763DB55902_1831568365
 |- Actor Package: /Game/__ExternalActors__/ThirdPerson/Maps/ThirdPersonMap/C/27/2MCSN1VKMN8FOML6GYZ6RQ
 |- Actor Path: /Game/ThirdPerson/Maps/ThirdPersonMap.ThirdPersonMap:PersistentLevel.StaticMeshActor_UAID_D85ED395763DB55902_1831573366
 |- Actor Package: /Game/__ExternalActors__/ThirdPerson/Maps/ThirdPersonMap/2/NP/UBXFQX2H0CKK4P3PJFS9YU
 |- Actor Path: /Game/ThirdPerson/Maps/ThirdPersonMap.ThirdPersonMap:PersistentLevel.VolumetricCloud_0
 |- Actor Package: /Game/__ExternalActors__/ThirdPerson/Maps/ThirdPersonMap/3/EY/87SHEJN5UBEAN2K5OV1G6R
 |- Actor Path: /Game/ThirdPerson/Maps/ThirdPersonMap.ThirdPersonMap:PersistentLevel.WorldDataLayers
 |- Actor Package: /Game/__ExternalActors__/ThirdPerson/Maps/ThirdPersonMap/0/43/HYQWORMY4JDQ5X3OKZXFLC

----------------------------------------------------------------------------------------------------------------
ThirdPersonMap - Runtime Hash Set
----------------------------------------------------------------------------------------------------------------

