[+] Containers:
 |- [+] Container: /Game/ThirdPerson/Maps/ThirdPersonMap
 |   |- [+] ActorDescs:
 |   |   |- Guid:0018732B45B6B25A34EB3487A25E20C4 NativeClass:/Script/Engine.StaticMeshActor Name:StaticMeshActor_UAID_D85ED395763DB55902_1474927710 Label:Cube7 SpatiallyLoaded:true EditorBounds:IsValid=true, Min=(X=225.000 Y=1000.000 Z=50.000), Max=(X=1500.000 Y=1050.000 Z=1100.000) RuntimeBounds:IsValid=true, Min=(X=225.000 Y=1000.000 Z=50.000), Max=(X=1500.000 Y=1050.000 Z=1100.000) RuntimeGrid:None EditorOnly:false RuntimeOnly:false HLODRelevant:true ListedInSceneOutliner:true IsMainWorldOnly:false
 |   |   |- Guid:124298AA41213DCED9B40080FDB5F472 NativeClass:/Script/Engine.StaticMeshActor Name:StaticMeshActor_UAID_D85ED395763DB55902_1474899705 Label:Cube2 SpatiallyLoaded:true EditorBounds:IsValid=true, Min=(X=-1500.000 Y=-1000.000 Z=1450.000), Max=(X=1500.000 Y=1000.000 Z=1500.000) RuntimeBounds:IsValid=true, Min=(X=-1500.000 Y=-1000.000 Z=1450.000), Max=(X=1500.000 Y=1000.000 Z=1500.000) RuntimeGrid:None EditorOnly:false RuntimeOnly:false HLODRelevant:true ListedInSceneOutliner:true IsMainWorldOnly:false
 |   |   |- Guid:1ECDB807471C34C8DE476D85D8E9FE2A NativeClass:/Script/Engine.StaticMeshActor Name:StaticMeshActor_UAID_D85ED395763DB55902_1474941712 Label:Cube9 SpatiallyLoaded:true EditorBounds:IsValid=true, Min=(X=-225.000 Y=1012.500 Z=50.000), Max=(X=225.000 Y=1037.500 Z=1100.000) RuntimeBounds:IsValid=true, Min=(X=-225.000 Y=1012.500 Z=50.000), Max=(X=225.000 Y=1037.500 Z=1100.000) RuntimeGrid:None EditorOnly:false RuntimeOnly:false HLODRelevant:true ListedInSceneOutliner:true IsMainWorldOnly:false
 |   |   |- Guid:2FB58999456391D349DC0F86DAC136ED NativeClass:/Script/Engine.SkyLight Name:SkyLight_1 Label:SkyLight SpatiallyLoaded:false EditorBounds:IsValid=true, Min=(X=0.000 Y=0.000 Z=690.000), Max=(X=0.000 Y=0.000 Z=690.000) RuntimeBounds:IsValid=true, Min=(X=0.000 Y=0.000 Z=690.000), Max=(X=0.000 Y=0.000 Z=690.000) RuntimeGrid:None EditorOnly:false RuntimeOnly:false HLODRelevant:false ListedInSceneOutliner:true IsMainWorldOnly:false FolderPath:Lighting FolderGuid:963EC3EB4002CCE9759E2EBA541A873A
 |   |   |- Guid:316CF2A6494ACA4C0E4180A87D36AB8F NativeClass:/Script/Engine.ExponentialHeightFog Name:ExponentialHeightFog_0 Label:ExponentialHeightFog SpatiallyLoaded:false EditorBounds:IsValid=true, Min=(X=-5600.000 Y=-50.000 Z=-6850.000), Max=(X=-5600.000 Y=-50.000 Z=-6850.000) RuntimeBounds:IsValid=true, Min=(X=-5600.000 Y=-50.000 Z=-6850.000), Max=(X=-5600.000 Y=-50.000 Z=-6850.000) RuntimeGrid:None EditorOnly:false RuntimeOnly:false HLODRelevant:false ListedInSceneOutliner:true IsMainWorldOnly:false FolderPath:Lighting FolderGuid:963EC3EB4002CCE9759E2EBA541A873A
 |   |   |- Guid:38099FB84F7A9AF9D9869699B444F780 NativeClass:/Script/Engine.PointLight Name:PointLight_UAID_D85ED395763DB55902_1474995720 Label:PointLight SpatiallyLoaded:true EditorBounds:IsValid=true, Min=(X=-1000.000 Y=-1000.000 Z=425.000), Max=(X=1000.000 Y=1000.000 Z=2425.000) RuntimeBounds:IsValid=true, Min=(X=-1000.000 Y=-1000.000 Z=425.000), Max=(X=1000.000 Y=1000.000 Z=2425.000) RuntimeGrid:None EditorOnly:false RuntimeOnly:false HLODRelevant:false ListedInSceneOutliner:true IsMainWorldOnly:false
 |   |   |- Guid:39366C634B076DA417A3FB845CC9BECF NativeClass:/Script/Engine.StaticMeshActor Name:StaticMeshActor_UAID_D85ED395763DB55902_1474933711 Label:Cube8 SpatiallyLoaded:true EditorBounds:IsValid=true, Min=(X=-1500.000 Y=1000.000 Z=1100.000), Max=(X=1500.000 Y=1050.000 Z=1500.000) RuntimeBounds:IsValid=true, Min=(X=-1500.000 Y=1000.000 Z=1100.000), Max=(X=1500.000 Y=1050.000 Z=1500.000) RuntimeGrid:None EditorOnly:false RuntimeOnly:false HLODRelevant:true ListedInSceneOutliner:true IsMainWorldOnly:false
 |   |   |- Guid:4D3BE93F4146AAAC8BBE79999D96D57F NativeClass:/Script/Engine.VolumetricCloud Name:VolumetricCloud_0 Label:VolumetricCloud SpatiallyLoaded:false EditorBounds:IsValid=true, Min=(X=0.000 Y=0.000 Z=820.000), Max=(X=0.000 Y=0.000 Z=820.000) RuntimeBounds:IsValid=true, Min=(X=0.000 Y=0.000 Z=820.000), Max=(X=0.000 Y=0.000 Z=820.000) RuntimeGrid:None EditorOnly:false RuntimeOnly:false HLODRelevant:false ListedInSceneOutliner:true IsMainWorldOnly:false FolderPath:Lighting FolderGuid:963EC3EB4002CCE9759E2EBA541A873A
 |   |   |- Guid:5220C1EB4CDCDA64035F25A4A4DD92B8 NativeClass:/Script/Engine.StaticMeshActor Name:StaticMeshActor_UAID_D85ED395763DB55902_1474954714 Label:Cube11 SpatiallyLoaded:true EditorBounds:IsValid=true, Min=(X=-675.000 Y=-1037.500 Z=825.000), Max=(X=-325.000 Y=-1012.500 Z=1175.000) RuntimeBounds:IsValid=true, Min=(X=-675.000 Y=-1037.500 Z=825.000), Max=(X=-325.000 Y=-1012.500 Z=1175.000) RuntimeGrid:None EditorOnly:false RuntimeOnly:false HLODRelevant:true ListedInSceneOutliner:true IsMainWorldOnly:false
 |   |   |- Guid:6B40E39848A99AFB8B2092AC28FB9104 NativeClass:/Script/Engine.StaticMeshActor Name:StaticMeshActor_UAID_D85ED395763DB55902_1474894704 Label:Cube SpatiallyLoaded:true EditorBounds:IsValid=true, Min=(X=-1500.000 Y=-1000.000 Z=0.000), Max=(X=1500.000 Y=1000.000 Z=50.000) RuntimeBounds:IsValid=true, Min=(X=-1500.000 Y=-1000.000 Z=0.000), Max=(X=1500.000 Y=1000.000 Z=50.000) RuntimeGrid:None EditorOnly:false RuntimeOnly:false HLODRelevant:true ListedInSceneOutliner:true IsMainWorldOnly:false
 |   |   |- Guid:6BAF4DDD444C60371492D3919DB42C97 NativeClass:/Script/Engine.WorldDataLayers Name:WorldDataLayers Label:WorldDataLayers SpatiallyLoaded:false EditorBounds:IsValid=true, Min=(X=0.000 Y=0.000 Z=0.000), Max=(X=0.000 Y=0.000 Z=0.000) RuntimeBounds:IsValid=true, Min=(X=0.000 Y=0.000 Z=0.000), Max=(X=0.000 Y=0.000 Z=0.000) RuntimeGrid:None EditorOnly:false RuntimeOnly:false HLODRelevant:false ListedInSceneOutliner:true IsMainWorldOnly:true
 |   |   |- Guid:8FB8D8AE4591F6553B0F9883DDAB614E NativeClass:/Script/Engine.StaticMeshActor Name:StaticMeshActor_UAID_D85ED395763DB55902_1474980718 Label:Cube15 SpatiallyLoaded:true EditorBounds:IsValid=true, Min=(X=-1250.000 Y=-1050.000 Z=1000.000), Max=(X=-750.000 Y=-1000.000 Z=1500.000) RuntimeBounds:IsValid=true, Min=(X=-1250.000 Y=-1050.000 Z=1000.000), Max=(X=-750.000 Y=-1000.000 Z=1500.000) RuntimeGrid:None EditorOnly:false RuntimeOnly:false HLODRelevant:true ListedInSceneOutliner:true IsMainWorldOnly:false
 |   |   |- Guid:93006E0E46FAE55DCE919B9A9BB09316 NativeClass:/Script/Engine.StaticMeshActor Name:StaticMeshActor_UAID_D85ED395763DB55902_1474922709 Label:Cube6 SpatiallyLoaded:true EditorBounds:IsValid=true, Min=(X=-1500.000 Y=1000.000 Z=50.000), Max=(X=-225.000 Y=1050.000 Z=1100.000) RuntimeBounds:IsValid=true, Min=(X=-1500.000 Y=1000.000 Z=50.000), Max=(X=-225.000 Y=1050.000 Z=1100.000) RuntimeGrid:None EditorOnly:false RuntimeOnly:false HLODRelevant:true ListedInSceneOutliner:true IsMainWorldOnly:false
 |   |   |- Guid:B50EEBBE4D092267D8EFA49BD5DA80CA NativeClass:/Script/Engine.StaticMeshActor Name:StaticMeshActor_UAID_D85ED395763DB55902_1474914708 Label:Cube5 SpatiallyLoaded:true EditorBounds:IsValid=true, Min=(X=-1500.000 Y=-1050.000 Z=0.000), Max=(X=1500.000 Y=-1000.000 Z=1500.000) RuntimeBounds:IsValid=true, Min=(X=-1500.000 Y=-1050.000 Z=0.000), Max=(X=1500.000 Y=-1000.000 Z=1500.000) RuntimeGrid:None EditorOnly:false RuntimeOnly:false HLODRelevant:true ListedInSceneOutliner:true IsMainWorldOnly:false
 |   |   |- Guid:B785ED2844B84CFB91E7F39FE661CD99 NativeClass:/Script/Engine.DirectionalLight Name:DirectionalLight_0 Label:DirectionalLight SpatiallyLoaded:false EditorBounds:IsValid=true, Min=(X=-1048576.000 Y=-1048576.000 Z=-1048576.000), Max=(X=1048576.000 Y=1048576.000 Z=1048576.000) RuntimeBounds:IsValid=true, Min=(X=-1048576.000 Y=-1048576.000 Z=-1048576.000), Max=(X=1048576.000 Y=1048576.000 Z=1048576.000) RuntimeGrid:None EditorOnly:false RuntimeOnly:false HLODRelevant:false ListedInSceneOutliner:true IsMainWorldOnly:false FolderPath:Lighting FolderGuid:963EC3EB4002CCE9759E2EBA541A873A
 |   |   |- Guid:B959587746B735F7727B9E94C5822D0A NativeClass:/Script/Engine.StaticMeshActor Name:StaticMeshActor_UAID_D85ED395763DB55902_1474974717 Label:Cube14 SpatiallyLoaded:true EditorBounds:IsValid=true, Min=(X=625.000 Y=-625.000 Z=-200.000), Max=(X=875.000 Y=-375.000 Z=300.000) RuntimeBounds:IsValid=true, Min=(X=625.000 Y=-625.000 Z=-200.000), Max=(X=875.000 Y=-375.000 Z=300.000) RuntimeGrid:None EditorOnly:false RuntimeOnly:false HLODRelevant:true ListedInSceneOutliner:true IsMainWorldOnly:false
 |   |   |- Guid:C3ABA54A4F4D1721E29A1E9D0B95504C NativeClass:/Script/Engine.StaticMeshActor Name:StaticMeshActor_UAID_D85ED395763DB55902_1474967716 Label:Cube13 SpatiallyLoaded:true EditorBounds:IsValid=true, Min=(X=967.157 Y=550.000 Z=-132.843), Max=(X=1532.843 Y=950.000 Z=432.843) RuntimeBounds:IsValid=true, Min=(X=967.157 Y=550.000 Z=-132.843), Max=(X=1532.843 Y=950.000 Z=432.843) RuntimeGrid:None EditorOnly:false RuntimeOnly:false HLODRelevant:true ListedInSceneOutliner:true IsMainWorldOnly:false
 |   |   |- Guid:C669929449C118F8ECBDCE9A6821ED60 NativeClass:/Script/Engine.StaticMeshActor Name:StaticMeshActor_UAID_D85ED395763DB55902_1474905706 Label:Cube3 SpatiallyLoaded:true EditorBounds:IsValid=true, Min=(X=-1550.000 Y=-1000.000 Z=0.000), Max=(X=-1500.000 Y=1000.000 Z=1500.000) RuntimeBounds:IsValid=true, Min=(X=-1550.000 Y=-1000.000 Z=0.000), Max=(X=-1500.000 Y=1000.000 Z=1500.000) RuntimeGrid:None EditorOnly:false RuntimeOnly:false HLODRelevant:true ListedInSceneOutliner:true IsMainWorldOnly:false
 |   |   |- Guid:CCFF262C46EEFFDF319E7F9539CE697E NativeClass:/Script/Engine.SkyAtmosphere Name:SkyAtmosphere_0 Label:SkyAtmosphere SpatiallyLoaded:false EditorBounds:IsValid=true, Min=(X=0.000 Y=0.000 Z=1020.000), Max=(X=0.000 Y=0.000 Z=1020.000) RuntimeBounds:IsValid=true, Min=(X=0.000 Y=0.000 Z=1020.000), Max=(X=0.000 Y=0.000 Z=1020.000) RuntimeGrid:None EditorOnly:false RuntimeOnly:false HLODRelevant:false ListedInSceneOutliner:true IsMainWorldOnly:false FolderPath:Lighting FolderGuid:963EC3EB4002CCE9759E2EBA541A873A
 |   |   |- Guid:CD3859D942B9C9235DF48FA8B2738F35 NativeClass:/Script/Engine.StaticMeshActor Name:StaticMeshActor_UAID_D85ED395763DB55902_1474987719 Label:Cube16 SpatiallyLoaded:true EditorBounds:IsValid=true, Min=(X=750.000 Y=-125.000 Z=50.000), Max=(X=1250.000 Y=125.000 Z=1050.000) RuntimeBounds:IsValid=true, Min=(X=750.000 Y=-125.000 Z=50.000), Max=(X=1250.000 Y=125.000 Z=1050.000) RuntimeGrid:None EditorOnly:false RuntimeOnly:false HLODRelevant:true ListedInSceneOutliner:true IsMainWorldOnly:false
 |   |   |- Guid:D5F474FB4F5E91CCFB346BA4BC3C7F74 NativeClass:/Script/Engine.StaticMeshActor Name:StaticMeshActor_UAID_D85ED395763DB55902_1474961715 Label:Cube12 SpatiallyLoaded:true EditorBounds:IsValid=true, Min=(X=325.000 Y=-1037.500 Z=825.000), Max=(X=675.000 Y=-1012.500 Z=1175.000) RuntimeBounds:IsValid=true, Min=(X=325.000 Y=-1037.500 Z=825.000), Max=(X=675.000 Y=-1012.500 Z=1175.000) RuntimeGrid:None EditorOnly:false RuntimeOnly:false HLODRelevant:true ListedInSceneOutliner:true IsMainWorldOnly:false
 |   |   |- Guid:E332DC744AC1FBBB6C07398F9C91C0CF NativeClass:/Script/Engine.StaticMeshActor Name:StaticMeshActor_UAID_D85ED395763DB55902_1474947713 Label:Cube10 SpatiallyLoaded:true EditorBounds:IsValid=true, Min=(X=-1500.000 Y=-500.000 Z=50.000), Max=(X=-1050.000 Y=500.000 Z=250.000) RuntimeBounds:IsValid=true, Min=(X=-1500.000 Y=-500.000 Z=50.000), Max=(X=-1050.000 Y=500.000 Z=250.000) RuntimeGrid:None EditorOnly:false RuntimeOnly:false HLODRelevant:true ListedInSceneOutliner:true IsMainWorldOnly:false
 |   |   |- Guid:F1924B8D48954B30891B2DB6A694F9CC NativeClass:/Script/Engine.StaticMeshActor Name:StaticMeshActor_1 Label:SM_Cube SpatiallyLoaded:true EditorBounds:IsValid=true, Min=(X=0.000 Y=0.000 Z=-50.000), Max=(X=3000.000 Y=3500.000 Z=0.000) RuntimeBounds:IsValid=true, Min=(X=0.000 Y=0.000 Z=-50.000), Max=(X=3000.000 Y=3500.000 Z=0.000) RuntimeGrid:None EditorOnly:false RuntimeOnly:false HLODRelevant:true ListedInSceneOutliner:true IsMainWorldOnly:false FolderPath:Playground FolderGuid:C73F09FC4215536B1DCE2A9E0A830C70
 |   |   |- Guid:F5E3FEB3450C49844FD93DA8E083C8AD NativeClass:/Script/Engine.PostProcessVolume Name:PostProcessVolume_0 Label:PostProcessVolume SpatiallyLoaded:false EditorBounds:IsValid=true, Min=(X=0.000 Y=0.000 Z=400.000), Max=(X=200.000 Y=200.000 Z=600.000) RuntimeBounds:IsValid=true, Min=(X=0.000 Y=0.000 Z=400.000), Max=(X=200.000 Y=200.000 Z=600.000) RuntimeGrid:None EditorOnly:false RuntimeOnly:false HLODRelevant:false ListedInSceneOutliner:true IsMainWorldOnly:false FolderPath:Lighting FolderGuid:963EC3EB4002CCE9759E2EBA541A873A
 |   |   |- Guid:FC7031B94EA19315E83A4DA024A6ED22 NativeClass:/Script/Engine.StaticMeshActor Name:StaticMeshActor_UAID_D85ED395763DB55902_1474909707 Label:Cube4 SpatiallyLoaded:true EditorBounds:IsValid=true, Min=(X=1500.000 Y=-1000.000 Z=0.000), Max=(X=1550.000 Y=1000.000 Z=1500.000) RuntimeBounds:IsValid=true, Min=(X=1500.000 Y=-1000.000 Z=0.000), Max=(X=1550.000 Y=1000.000 Z=1500.000) RuntimeGrid:None EditorOnly:false RuntimeOnly:false HLODRelevant:true ListedInSceneOutliner:true IsMainWorldOnly:false
 |   |- [+] Clusters:
 |   |   |- [+] [  0]
 |   |   |   |- Guid:0018732B45B6B25A34EB3487A25E20C4 NativeClass:/Script/Engine.StaticMeshActor Name:StaticMeshActor_UAID_D85ED395763DB55902_1474927710 Label:Cube7 SpatiallyLoaded:true EditorBounds:IsValid=true, Min=(X=225.000 Y=1000.000 Z=50.000), Max=(X=1500.000 Y=1050.000 Z=1100.000) RuntimeBounds:IsValid=true, Min=(X=225.000 Y=1000.000 Z=50.000), Max=(X=1500.000 Y=1050.000 Z=1100.000) RuntimeGrid:None EditorOnly:false RuntimeOnly:false HLODRelevant:true ListedInSceneOutliner:true IsMainWorldOnly:false
 |   |   |- [+] [  1]
 |   |   |   |- Guid:124298AA41213DCED9B40080FDB5F472 NativeClass:/Script/Engine.StaticMeshActor Name:StaticMeshActor_UAID_D85ED395763DB55902_1474899705 Label:Cube2 SpatiallyLoaded:true EditorBounds:IsValid=true, Min=(X=-1500.000 Y=-1000.000 Z=1450.000), Max=(X=1500.000 Y=1000.000 Z=1500.000) RuntimeBounds:IsValid=true, Min=(X=-1500.000 Y=-1000.000 Z=1450.000), Max=(X=1500.000 Y=1000.000 Z=1500.000) RuntimeGrid:None EditorOnly:false RuntimeOnly:false HLODRelevant:true ListedInSceneOutliner:true IsMainWorldOnly:false
 |   |   |- [+] [  2]
 |   |   |   |- Guid:1ECDB807471C34C8DE476D85D8E9FE2A NativeClass:/Script/Engine.StaticMeshActor Name:StaticMeshActor_UAID_D85ED395763DB55902_1474941712 Label:Cube9 SpatiallyLoaded:true EditorBounds:IsValid=true, Min=(X=-225.000 Y=1012.500 Z=50.000), Max=(X=225.000 Y=1037.500 Z=1100.000) RuntimeBounds:IsValid=true, Min=(X=-225.000 Y=1012.500 Z=50.000), Max=(X=225.000 Y=1037.500 Z=1100.000) RuntimeGrid:None EditorOnly:false RuntimeOnly:false HLODRelevant:true ListedInSceneOutliner:true IsMainWorldOnly:false
 |   |   |- [+] [  3]
 |   |   |   |- Guid:2FB58999456391D349DC0F86DAC136ED NativeClass:/Script/Engine.SkyLight Name:SkyLight_1 Label:SkyLight SpatiallyLoaded:false EditorBounds:IsValid=true, Min=(X=0.000 Y=0.000 Z=690.000), Max=(X=0.000 Y=0.000 Z=690.000) RuntimeBounds:IsValid=true, Min=(X=0.000 Y=0.000 Z=690.000), Max=(X=0.000 Y=0.000 Z=690.000) RuntimeGrid:None EditorOnly:false RuntimeOnly:false HLODRelevant:false ListedInSceneOutliner:true IsMainWorldOnly:false FolderPath:Lighting FolderGuid:963EC3EB4002CCE9759E2EBA541A873A
 |   |   |- [+] [  4]
 |   |   |   |- Guid:316CF2A6494ACA4C0E4180A87D36AB8F NativeClass:/Script/Engine.ExponentialHeightFog Name:ExponentialHeightFog_0 Label:ExponentialHeightFog SpatiallyLoaded:false EditorBounds:IsValid=true, Min=(X=-5600.000 Y=-50.000 Z=-6850.000), Max=(X=-5600.000 Y=-50.000 Z=-6850.000) RuntimeBounds:IsValid=true, Min=(X=-5600.000 Y=-50.000 Z=-6850.000), Max=(X=-5600.000 Y=-50.000 Z=-6850.000) RuntimeGrid:None EditorOnly:false RuntimeOnly:false HLODRelevant:false ListedInSceneOutliner:true IsMainWorldOnly:false FolderPath:Lighting FolderGuid:963EC3EB4002CCE9759E2EBA541A873A
 |   |   |- [+] [  5]
 |   |   |   |- Guid:38099FB84F7A9AF9D9869699B444F780 NativeClass:/Script/Engine.PointLight Name:PointLight_UAID_D85ED395763DB55902_1474995720 Label:PointLight SpatiallyLoaded:true EditorBounds:IsValid=true, Min=(X=-1000.000 Y=-1000.000 Z=425.000), Max=(X=1000.000 Y=1000.000 Z=2425.000) RuntimeBounds:IsValid=true, Min=(X=-1000.000 Y=-1000.000 Z=425.000), Max=(X=1000.000 Y=1000.000 Z=2425.000) RuntimeGrid:None EditorOnly:false RuntimeOnly:false HLODRelevant:false ListedInSceneOutliner:true IsMainWorldOnly:false
 |   |   |- [+] [  6]
 |   |   |   |- Guid:39366C634B076DA417A3FB845CC9BECF NativeClass:/Script/Engine.StaticMeshActor Name:StaticMeshActor_UAID_D85ED395763DB55902_1474933711 Label:Cube8 SpatiallyLoaded:true EditorBounds:IsValid=true, Min=(X=-1500.000 Y=1000.000 Z=1100.000), Max=(X=1500.000 Y=1050.000 Z=1500.000) RuntimeBounds:IsValid=true, Min=(X=-1500.000 Y=1000.000 Z=1100.000), Max=(X=1500.000 Y=1050.000 Z=1500.000) RuntimeGrid:None EditorOnly:false RuntimeOnly:false HLODRelevant:true ListedInSceneOutliner:true IsMainWorldOnly:false
 |   |   |- [+] [  7]
 |   |   |   |- Guid:4D3BE93F4146AAAC8BBE79999D96D57F NativeClass:/Script/Engine.VolumetricCloud Name:VolumetricCloud_0 Label:VolumetricCloud SpatiallyLoaded:false EditorBounds:IsValid=true, Min=(X=0.000 Y=0.000 Z=820.000), Max=(X=0.000 Y=0.000 Z=820.000) RuntimeBounds:IsValid=true, Min=(X=0.000 Y=0.000 Z=820.000), Max=(X=0.000 Y=0.000 Z=820.000) RuntimeGrid:None EditorOnly:false RuntimeOnly:false HLODRelevant:false ListedInSceneOutliner:true IsMainWorldOnly:false FolderPath:Lighting FolderGuid:963EC3EB4002CCE9759E2EBA541A873A
 |   |   |- [+] [  8]
 |   |   |   |- Guid:5220C1EB4CDCDA64035F25A4A4DD92B8 NativeClass:/Script/Engine.StaticMeshActor Name:StaticMeshActor_UAID_D85ED395763DB55902_1474954714 Label:Cube11 SpatiallyLoaded:true EditorBounds:IsValid=true, Min=(X=-675.000 Y=-1037.500 Z=825.000), Max=(X=-325.000 Y=-1012.500 Z=1175.000) RuntimeBounds:IsValid=true, Min=(X=-675.000 Y=-1037.500 Z=825.000), Max=(X=-325.000 Y=-1012.500 Z=1175.000) RuntimeGrid:None EditorOnly:false RuntimeOnly:false HLODRelevant:true ListedInSceneOutliner:true IsMainWorldOnly:false
 |   |   |- [+] [  9]
 |   |   |   |- Guid:6B40E39848A99AFB8B2092AC28FB9104 NativeClass:/Script/Engine.StaticMeshActor Name:StaticMeshActor_UAID_D85ED395763DB55902_1474894704 Label:Cube SpatiallyLoaded:true EditorBounds:IsValid=true, Min=(X=-1500.000 Y=-1000.000 Z=0.000), Max=(X=1500.000 Y=1000.000 Z=50.000) RuntimeBounds:IsValid=true, Min=(X=-1500.000 Y=-1000.000 Z=0.000), Max=(X=1500.000 Y=1000.000 Z=50.000) RuntimeGrid:None EditorOnly:false RuntimeOnly:false HLODRelevant:true ListedInSceneOutliner:true IsMainWorldOnly:false
 |   |   |- [+] [ 10]
 |   |   |   |- Guid:6BAF4DDD444C60371492D3919DB42C97 NativeClass:/Script/Engine.WorldDataLayers Name:WorldDataLayers Label:WorldDataLayers SpatiallyLoaded:false EditorBounds:IsValid=true, Min=(X=0.000 Y=0.000 Z=0.000), Max=(X=0.000 Y=0.000 Z=0.000) RuntimeBounds:IsValid=true, Min=(X=0.000 Y=0.000 Z=0.000), Max=(X=0.000 Y=0.000 Z=0.000) RuntimeGrid:None EditorOnly:false RuntimeOnly:false HLODRelevant:false ListedInSceneOutliner:true IsMainWorldOnly:true
 |   |   |- [+] [ 11]
 |   |   |   |- Guid:8FB8D8AE4591F6553B0F9883DDAB614E NativeClass:/Script/Engine.StaticMeshActor Name:StaticMeshActor_UAID_D85ED395763DB55902_1474980718 Label:Cube15 SpatiallyLoaded:true EditorBounds:IsValid=true, Min=(X=-1250.000 Y=-1050.000 Z=1000.000), Max=(X=-750.000 Y=-1000.000 Z=1500.000) RuntimeBounds:IsValid=true, Min=(X=-1250.000 Y=-1050.000 Z=1000.000), Max=(X=-750.000 Y=-1000.000 Z=1500.000) RuntimeGrid:None EditorOnly:false RuntimeOnly:false HLODRelevant:true ListedInSceneOutliner:true IsMainWorldOnly:false
 |   |   |- [+] [ 12]
 |   |   |   |- Guid:93006E0E46FAE55DCE919B9A9BB09316 NativeClass:/Script/Engine.StaticMeshActor Name:StaticMeshActor_UAID_D85ED395763DB55902_1474922709 Label:Cube6 SpatiallyLoaded:true EditorBounds:IsValid=true, Min=(X=-1500.000 Y=1000.000 Z=50.000), Max=(X=-225.000 Y=1050.000 Z=1100.000) RuntimeBounds:IsValid=true, Min=(X=-1500.000 Y=1000.000 Z=50.000), Max=(X=-225.000 Y=1050.000 Z=1100.000) RuntimeGrid:None EditorOnly:false RuntimeOnly:false HLODRelevant:true ListedInSceneOutliner:true IsMainWorldOnly:false
 |   |   |- [+] [ 13]
 |   |   |   |- Guid:B50EEBBE4D092267D8EFA49BD5DA80CA NativeClass:/Script/Engine.StaticMeshActor Name:StaticMeshActor_UAID_D85ED395763DB55902_1474914708 Label:Cube5 SpatiallyLoaded:true EditorBounds:IsValid=true, Min=(X=-1500.000 Y=-1050.000 Z=0.000), Max=(X=1500.000 Y=-1000.000 Z=1500.000) RuntimeBounds:IsValid=true, Min=(X=-1500.000 Y=-1050.000 Z=0.000), Max=(X=1500.000 Y=-1000.000 Z=1500.000) RuntimeGrid:None EditorOnly:false RuntimeOnly:false HLODRelevant:true ListedInSceneOutliner:true IsMainWorldOnly:false
 |   |   |- [+] [ 14]
 |   |   |   |- Guid:B785ED2844B84CFB91E7F39FE661CD99 NativeClass:/Script/Engine.DirectionalLight Name:DirectionalLight_0 Label:DirectionalLight SpatiallyLoaded:false EditorBounds:IsValid=true, Min=(X=-1048576.000 Y=-1048576.000 Z=-1048576.000), Max=(X=1048576.000 Y=1048576.000 Z=1048576.000) RuntimeBounds:IsValid=true, Min=(X=-1048576.000 Y=-1048576.000 Z=-1048576.000), Max=(X=1048576.000 Y=1048576.000 Z=1048576.000) RuntimeGrid:None EditorOnly:false RuntimeOnly:false HLODRelevant:false ListedInSceneOutliner:true IsMainWorldOnly:false FolderPath:Lighting FolderGuid:963EC3EB4002CCE9759E2EBA541A873A
 |   |   |- [+] [ 15]
 |   |   |   |- Guid:B959587746B735F7727B9E94C5822D0A NativeClass:/Script/Engine.StaticMeshActor Name:StaticMeshActor_UAID_D85ED395763DB55902_1474974717 Label:Cube14 SpatiallyLoaded:true EditorBounds:IsValid=true, Min=(X=625.000 Y=-625.000 Z=-200.000), Max=(X=875.000 Y=-375.000 Z=300.000) RuntimeBounds:IsValid=true, Min=(X=625.000 Y=-625.000 Z=-200.000), Max=(X=875.000 Y=-375.000 Z=300.000) RuntimeGrid:None EditorOnly:false RuntimeOnly:false HLODRelevant:true ListedInSceneOutliner:true IsMainWorldOnly:false
 |   |   |- [+] [ 16]
 |   |   |   |- Guid:C3ABA54A4F4D1721E29A1E9D0B95504C NativeClass:/Script/Engine.StaticMeshActor Name:StaticMeshActor_UAID_D85ED395763DB55902_1474967716 Label:Cube13 SpatiallyLoaded:true EditorBounds:IsValid=true, Min=(X=967.157 Y=550.000 Z=-132.843), Max=(X=1532.843 Y=950.000 Z=432.843) RuntimeBounds:IsValid=true, Min=(X=967.157 Y=550.000 Z=-132.843), Max=(X=1532.843 Y=950.000 Z=432.843) RuntimeGrid:None EditorOnly:false RuntimeOnly:false HLODRelevant:true ListedInSceneOutliner:true IsMainWorldOnly:false
 |   |   |- [+] [ 17]
 |   |   |   |- Guid:C669929449C118F8ECBDCE9A6821ED60 NativeClass:/Script/Engine.StaticMeshActor Name:StaticMeshActor_UAID_D85ED395763DB55902_1474905706 Label:Cube3 SpatiallyLoaded:true EditorBounds:IsValid=true, Min=(X=-1550.000 Y=-1000.000 Z=0.000), Max=(X=-1500.000 Y=1000.000 Z=1500.000) RuntimeBounds:IsValid=true, Min=(X=-1550.000 Y=-1000.000 Z=0.000), Max=(X=-1500.000 Y=1000.000 Z=1500.000) RuntimeGrid:None EditorOnly:false RuntimeOnly:false HLODRelevant:true ListedInSceneOutliner:true IsMainWorldOnly:false
 |   |   |- [+] [ 18]
 |   |   |   |- Guid:CCFF262C46EEFFDF319E7F9539CE697E NativeClass:/Script/Engine.SkyAtmosphere Name:SkyAtmosphere_0 Label:SkyAtmosphere SpatiallyLoaded:false EditorBounds:IsValid=true, Min=(X=0.000 Y=0.000 Z=1020.000), Max=(X=0.000 Y=0.000 Z=1020.000) RuntimeBounds:IsValid=true, Min=(X=0.000 Y=0.000 Z=1020.000), Max=(X=0.000 Y=0.000 Z=1020.000) RuntimeGrid:None EditorOnly:false RuntimeOnly:false HLODRelevant:false ListedInSceneOutliner:true IsMainWorldOnly:false FolderPath:Lighting FolderGuid:963EC3EB4002CCE9759E2EBA541A873A
 |   |   |- [+] [ 19]
 |   |   |   |- Guid:CD3859D942B9C9235DF48FA8B2738F35 NativeClass:/Script/Engine.StaticMeshActor Name:StaticMeshActor_UAID_D85ED395763DB55902_1474987719 Label:Cube16 SpatiallyLoaded:true EditorBounds:IsValid=true, Min=(X=750.000 Y=-125.000 Z=50.000), Max=(X=1250.000 Y=125.000 Z=1050.000) RuntimeBounds:IsValid=true, Min=(X=750.000 Y=-125.000 Z=50.000), Max=(X=1250.000 Y=125.000 Z=1050.000) RuntimeGrid:None EditorOnly:false RuntimeOnly:false HLODRelevant:true ListedInSceneOutliner:true IsMainWorldOnly:false
 |   |   |- [+] [ 20]
 |   |   |   |- Guid:D5F474FB4F5E91CCFB346BA4BC3C7F74 NativeClass:/Script/Engine.StaticMeshActor Name:StaticMeshActor_UAID_D85ED395763DB55902_1474961715 Label:Cube12 SpatiallyLoaded:true EditorBounds:IsValid=true, Min=(X=325.000 Y=-1037.500 Z=825.000), Max=(X=675.000 Y=-1012.500 Z=1175.000) RuntimeBounds:IsValid=true, Min=(X=325.000 Y=-1037.500 Z=825.000), Max=(X=675.000 Y=-1012.500 Z=1175.000) RuntimeGrid:None EditorOnly:false RuntimeOnly:false HLODRelevant:true ListedInSceneOutliner:true IsMainWorldOnly:false
 |   |   |- [+] [ 21]
 |   |   |   |- Guid:E332DC744AC1FBBB6C07398F9C91C0CF NativeClass:/Script/Engine.StaticMeshActor Name:StaticMeshActor_UAID_D85ED395763DB55902_1474947713 Label:Cube10 SpatiallyLoaded:true EditorBounds:IsValid=true, Min=(X=-1500.000 Y=-500.000 Z=50.000), Max=(X=-1050.000 Y=500.000 Z=250.000) RuntimeBounds:IsValid=true, Min=(X=-1500.000 Y=-500.000 Z=50.000), Max=(X=-1050.000 Y=500.000 Z=250.000) RuntimeGrid:None EditorOnly:false RuntimeOnly:false HLODRelevant:true ListedInSceneOutliner:true IsMainWorldOnly:false
 |   |   |- [+] [ 22]
 |   |   |   |- Guid:F1924B8D48954B30891B2DB6A694F9CC NativeClass:/Script/Engine.StaticMeshActor Name:StaticMeshActor_1 Label:SM_Cube SpatiallyLoaded:true EditorBounds:IsValid=true, Min=(X=0.000 Y=0.000 Z=-50.000), Max=(X=3000.000 Y=3500.000 Z=0.000) RuntimeBounds:IsValid=true, Min=(X=0.000 Y=0.000 Z=-50.000), Max=(X=3000.000 Y=3500.000 Z=0.000) RuntimeGrid:None EditorOnly:false RuntimeOnly:false HLODRelevant:true ListedInSceneOutliner:true IsMainWorldOnly:false FolderPath:Playground FolderGuid:C73F09FC4215536B1DCE2A9E0A830C70
 |   |   |- [+] [ 23]
 |   |   |   |- Guid:F5E3FEB3450C49844FD93DA8E083C8AD NativeClass:/Script/Engine.PostProcessVolume Name:PostProcessVolume_0 Label:PostProcessVolume SpatiallyLoaded:false EditorBounds:IsValid=true, Min=(X=0.000 Y=0.000 Z=400.000), Max=(X=200.000 Y=200.000 Z=600.000) RuntimeBounds:IsValid=true, Min=(X=0.000 Y=0.000 Z=400.000), Max=(X=200.000 Y=200.000 Z=600.000) RuntimeGrid:None EditorOnly:false RuntimeOnly:false HLODRelevant:false ListedInSceneOutliner:true IsMainWorldOnly:false FolderPath:Lighting FolderGuid:963EC3EB4002CCE9759E2EBA541A873A
 |   |   |- [+] [ 24]
 |   |   |   |- Guid:FC7031B94EA19315E83A4DA024A6ED22 NativeClass:/Script/Engine.StaticMeshActor Name:StaticMeshActor_UAID_D85ED395763DB55902_1474909707 Label:Cube4 SpatiallyLoaded:true EditorBounds:IsValid=true, Min=(X=1500.000 Y=-1000.000 Z=0.000), Max=(X=1550.000 Y=1000.000 Z=1500.000) RuntimeBounds:IsValid=true, Min=(X=1500.000 Y=-1000.000 Z=0.000), Max=(X=1550.000 Y=1000.000 Z=1500.000) RuntimeGrid:None EditorOnly:false RuntimeOnly:false HLODRelevant:true ListedInSceneOutliner:true IsMainWorldOnly:false
 |- ContainerInstances:
 |- [+] MainContainer:
 |   |-        ID: 00000000000000000000000000000000
 |   |-  ParentID: 00000000000000000000000000000000
 |   |-    Bounds: IsValid=false, Min=(X=0.000 Y=0.000 Z=0.000), Max=(X=0.000 Y=0.000 Z=0.000)
 |   |- Transform: 0.000000,0.000000,0.000000|0.000000,0.000000,-0.000000|1.000000,1.000000,1.000000
 |   |- Container: /Game/ThirdPerson/Maps/ThirdPersonMap
----------------------------------------------------------------------------------------------------------------
ThirdPersonMap - Persistent Level
----------------------------------------------------------------------------------------------------------------
[+] Content of ThirdPersonMap Persistent Level
 |- Always loaded Actor Count: 25 
 |- Actor Path: /Game/ThirdPerson/Maps/ThirdPersonMap.ThirdPersonMap:PersistentLevel.DirectionalLight_0
 |- Actor Package: /Game/__ExternalActors__/ThirdPerson/Maps/ThirdPersonMap/5/R1/TS5OQ5CRUWFZYL1ZQ7I416
 |- Actor Path: /Game/ThirdPerson/Maps/ThirdPersonMap.ThirdPersonMap:PersistentLevel.ExponentialHeightFog_0
 |- Actor Package: /Game/__ExternalActors__/ThirdPerson/Maps/ThirdPersonMap/6/J7/N10XDC9G27EMLS5AGZ6AVV
 |- Actor Path: /Game/ThirdPerson/Maps/ThirdPersonMap.ThirdPersonMap:PersistentLevel.PointLight_UAID_D85ED395763DB55902_1474995720
 |- Actor Package: /Game/__ExternalActors__/ThirdPerson/Maps/ThirdPersonMap/B/LL/ZYBIM8KWHIJXPTO705ELFD
 |- Actor Path: /Game/ThirdPerson/Maps/ThirdPersonMap.ThirdPersonMap:PersistentLevel.PostProcessVolume_0
 |- Actor Package: /Game/__ExternalActors__/ThirdPerson/Maps/ThirdPersonMap/1/AZ/A7GPT109Y6ZTTJD4A7TXER
 |- Actor Path: /Game/ThirdPerson/Maps/ThirdPersonMap.ThirdPersonMap:PersistentLevel.SkyAtmosphere_0
 |- Actor Package: /Game/__ExternalActors__/ThirdPerson/Maps/ThirdPersonMap/4/LN/30UBDLYFFA5ZR7U4W4L4GG
 |- Actor Path: /Game/ThirdPerson/Maps/ThirdPersonMap.ThirdPersonMap:PersistentLevel.SkyLight_1
 |- Actor Package: /Game/__ExternalActors__/ThirdPerson/Maps/ThirdPersonMap/8/S1/DXUWD12MD3HRWVVXX076BY
 |- Actor Path: /Game/ThirdPerson/Maps/ThirdPersonMap.ThirdPersonMap:PersistentLevel.StaticMeshActor_1
 |- Actor Package: /Game/__ExternalActors__/ThirdPerson/Maps/ThirdPersonMap/6/YO/NG2R9BPZVA7ZDN0Z4VSTG6
 |- Actor Path: /Game/ThirdPerson/Maps/ThirdPersonMap.ThirdPersonMap:PersistentLevel.StaticMeshActor_UAID_D85ED395763DB55902_1474894704
 |- Actor Package: /Game/__ExternalActors__/ThirdPerson/Maps/ThirdPersonMap/B/PE/5O09CS6NC9EBMUF759QWAU
 |- Actor Path: /Game/ThirdPerson/Maps/ThirdPersonMap.ThirdPersonMap:PersistentLevel.StaticMeshActor_UAID_D85ED395763DB55902_1474899705
 |- Actor Package: /Game/__ExternalActors__/ThirdPerson/Maps/ThirdPersonMap/D/3B/DI9334XVAANKWICLWHBQO6
 |- Actor Path: /Game/ThirdPerson/Maps/ThirdPersonMap.ThirdPersonMap:PersistentLevel.StaticMeshActor_UAID_D85ED395763DB55902_1474905706
 |- Actor Package: /Game/__ExternalActors__/ThirdPerson/Maps/ThirdPersonMap/4/5Q/S70DVMT1CXEGIZ0UOEHS5M
 |- Actor Path: /Game/ThirdPerson/Maps/ThirdPersonMap.ThirdPersonMap:PersistentLevel.StaticMeshActor_UAID_D85ED395763DB55902_1474909707
 |- Actor Package: /Game/__ExternalActors__/ThirdPerson/Maps/ThirdPersonMap/9/N6/E9RFDU9IOOSWM6EES9FSOX
 |- Actor Path: /Game/ThirdPerson/Maps/ThirdPersonMap.ThirdPersonMap:PersistentLevel.StaticMeshActor_UAID_D85ED395763DB55902_1474914708
 |- Actor Package: /Game/__ExternalActors__/ThirdPerson/Maps/ThirdPersonMap/B/9R/MYO9NIUCQ89RIN8UAWZREV
 |- Actor Path: /Game/ThirdPerson/Maps/ThirdPersonMap.ThirdPersonMap:PersistentLevel.StaticMeshActor_UAID_D85ED395763DB55902_1474922709
 |- Actor Package: /Game/__ExternalActors__/ThirdPerson/Maps/ThirdPersonMap/B/TD/N3HAYMNJJTV7STOR0ACA15
 |- Actor Path: /Game/ThirdPerson/Maps/ThirdPersonMap.ThirdPersonMap:PersistentLevel.StaticMeshActor_UAID_D85ED395763DB55902_1474927710
 |- Actor Package: /Game/__ExternalActors__/ThirdPerson/Maps/ThirdPersonMap/7/LH/7MYGOD1DOD4VW9B4A85XKD
 |- Actor Path: /Game/ThirdPerson/Maps/ThirdPersonMap.ThirdPersonMap:PersistentLevel.StaticMeshActor_UAID_D85ED395763DB55902_1474933711
 |- Actor Package: /Game/__ExternalActors__/ThirdPerson/Maps/ThirdPersonMap/B/02/CK0M7ECOCOBWB17Y1W6ETY
 |- Actor Path: /Game/ThirdPerson/Maps/ThirdPersonMap.ThirdPersonMap:PersistentLevel.StaticMeshActor_UAID_D85ED395763DB55902_1474941712
 |- Actor Package: /Game/__ExternalActors__/ThirdPerson/Maps/ThirdPersonMap/B/LI/SG8E92AIPB8Z9Q9O7VEFK6
 |- Actor Path: /Game/ThirdPerson/Maps/ThirdPersonMap.ThirdPersonMap:PersistentLevel.StaticMeshActor_UAID_D85ED395763DB55902_1474947713
 |- Actor Package: /Game/__ExternalActors__/ThirdPerson/Maps/ThirdPersonMap/7/AP/U58977SN6B8VULFE0UWBA0
 |- Actor Path: /Game/ThirdPerson/Maps/ThirdPersonMap.ThirdPersonMap:PersistentLevel.StaticMeshActor_UAID_D85ED395763DB55902_1474954714
 |- Actor Package: /Game/__ExternalActors__/ThirdPerson/Maps/ThirdPersonMap/E/MY/5FQFCP9PN9J659RDCZAVCI
 |- Actor Path: /Game/ThirdPerson/Maps/ThirdPersonMap.ThirdPersonMap:PersistentLevel.StaticMeshActor_UAID_D85ED395763DB55902_1474961715
 |- Actor Package: /Game/__ExternalActors__/ThirdPerson/Maps/ThirdPersonMap/6/N2/1HVAI2NK51MR0V8J9V3I0T
 |- Actor Path: /Game/ThirdPerson/Maps/ThirdPersonMap.ThirdPersonMap:PersistentLevel.StaticMeshActor_UAID_D85ED395763DB55902_1474967716
 |- Actor Package: /Game/__ExternalActors__/ThirdPerson/Maps/ThirdPersonMap/D/8I/J0K80GF6BGF41OCT65MPYP
 |- Actor Path: /Game/ThirdPerson/Maps/ThirdPersonMap.ThirdPersonMap:PersistentLevel.StaticMeshActor_UAID_D85ED395763DB55902_1474974717
 |- Actor Package: /Game/__ExternalActors__/ThirdPerson/Maps/ThirdPersonMap/0/HM/NQ6FHKWFKZJ3QDD566C4CA
 |- Actor Path: /Game/ThirdPerson/Maps/ThirdPersonMap.ThirdPersonMap:PersistentLevel.StaticMeshActor_UAID_D85ED395763DB55902_1474980718
 |- Actor Package: /Game/__ExternalActors__/ThirdPerson/Maps/ThirdPersonMap/C/Z7/96CLLH2QAS2UT67J71NQSL
 |- Actor Path: /Game/ThirdPerson/Maps/ThirdPersonMap.ThirdPersonMap:PersistentLevel.StaticMeshActor_UAID_D85ED395763DB55902_1474987719
 |- Actor Package: /Game/__ExternalActors__/ThirdPerson/Maps/ThirdPersonMap/2/68/AGVIRBP3HKQMJK3445T5Z8
 |- Actor Path: /Game/ThirdPerson/Maps/ThirdPersonMap.ThirdPersonMap:PersistentLevel.VolumetricCloud_0
 |- Actor Package: /Game/__ExternalActors__/ThirdPerson/Maps/ThirdPersonMap/3/EY/87SHEJN5UBEAN2K5OV1G6R
 |- Actor Path: /Game/ThirdPerson/Maps/ThirdPersonMap.ThirdPersonMap:PersistentLevel.WorldDataLayers
 |- Actor Package: /Game/__ExternalActors__/ThirdPerson/Maps/ThirdPersonMap/0/43/HYQWORMY4JDQ5X3OKZXFLC

----------------------------------------------------------------------------------------------------------------
ThirdPersonMap - Runtime Hash Set
----------------------------------------------------------------------------------------------------------------

